{"C:\\Users\\Diego Cortes\\Desktop\\clothing-stores\\app\\root.tsx": {"path":"C:\\Users\\Diego Cortes\\Desktop\\clothing-stores\\app\\root.tsx","statementMap":{"0":{"start":{"line":13,"column":42},"end":{"line":24,"column":1}},"1":{"start":{"line":13,"column":48},"end":{"line":24,"column":1}},"2":{"start":{"line":27,"column":2},"end":{"line":41,"column":4}},"3":{"start":{"line":45,"column":2},"end":{"line":45,"column":20}},"4":{"start":{"line":49,"column":16},"end":{"line":49,"column":23}},"5":{"start":{"line":50,"column":16},"end":{"line":50,"column":47}},"6":{"start":{"line":53,"column":2},"end":{"line":62,"column":3}},"7":{"start":{"line":54,"column":4},"end":{"line":54,"column":53}},"8":{"start":{"line":55,"column":4},"end":{"line":58,"column":38}},"9":{"start":{"line":59,"column":9},"end":{"line":62,"column":3}},"10":{"start":{"line":60,"column":4},"end":{"line":60,"column":28}},"11":{"start":{"line":61,"column":4},"end":{"line":61,"column":24}},"12":{"start":{"line":64,"column":2},"end":{"line":74,"column":4}}},"fnMap":{"0":{"name":"(anonymous_0)","decl":{"start":{"line":13,"column":42},"end":{"line":13,"column":43}},"loc":{"start":{"line":13,"column":48},"end":{"line":24,"column":1}},"line":13},"1":{"name":"Layout","decl":{"start":{"line":26,"column":16},"end":{"line":26,"column":22}},"loc":{"start":{"line":26,"column":68},"end":{"line":42,"column":1}},"line":26},"2":{"name":"App","decl":{"start":{"line":44,"column":24},"end":{"line":44,"column":27}},"loc":{"start":{"line":44,"column":30},"end":{"line":46,"column":1}},"line":44},"3":{"name":"ErrorBoundary","decl":{"start":{"line":48,"column":16},"end":{"line":48,"column":29}},"loc":{"start":{"line":48,"column":67},"end":{"line":75,"column":1}},"line":48}},"branchMap":{"0":{"loc":{"start":{"line":53,"column":2},"end":{"line":62,"column":3}},"type":"if","locations":[{"start":{"line":53,"column":2},"end":{"line":62,"column":3}},{"start":{"line":59,"column":9},"end":{"line":62,"column":3}}],"line":53},"1":{"loc":{"start":{"line":54,"column":14},"end":{"line":54,"column":52}},"type":"cond-expr","locations":[{"start":{"line":54,"column":37},"end":{"line":54,"column":42}},{"start":{"line":54,"column":45},"end":{"line":54,"column":52}}],"line":54},"2":{"loc":{"start":{"line":56,"column":6},"end":{"line":58,"column":37}},"type":"cond-expr","locations":[{"start":{"line":57,"column":10},"end":{"line":57,"column":50}},{"start":{"line":58,"column":10},"end":{"line":58,"column":37}}],"line":56},"3":{"loc":{"start":{"line":58,"column":10},"end":{"line":58,"column":37}},"type":"binary-expr","locations":[{"start":{"line":58,"column":10},"end":{"line":58,"column":26}},{"start":{"line":58,"column":30},"end":{"line":58,"column":37}}],"line":58},"4":{"loc":{"start":{"line":59,"column":9},"end":{"line":62,"column":3}},"type":"if","locations":[{"start":{"line":59,"column":9},"end":{"line":62,"column":3}},{"start":{},"end":{}}],"line":59},"5":{"loc":{"start":{"line":59,"column":13},"end":{"line":59,"column":67}},"type":"binary-expr","locations":[{"start":{"line":59,"column":13},"end":{"line":59,"column":32}},{"start":{"line":59,"column":36},"end":{"line":59,"column":41}},{"start":{"line":59,"column":45},"end":{"line":59,"column":67}}],"line":59},"6":{"loc":{"start":{"line":68,"column":7},"end":{"line":72,"column":7}},"type":"binary-expr","locations":[{"start":{"line":68,"column":7},"end":{"line":68,"column":12}},{"start":{"line":69,"column":8},"end":{"line":71,"column":14}}],"line":68}},"s":{"0":0,"1":0,"2":0,"3":0,"4":0,"5":0,"6":0,"7":0,"8":0,"9":0,"10":0,"11":0,"12":0},"f":{"0":0,"1":0,"2":0,"3":0},"b":{"0":[0,0],"1":[0,0],"2":[0,0],"3":[0,0],"4":[0,0],"5":[0,0,0],"6":[0,0]}}
,"C:\\Users\\Diego Cortes\\Desktop\\clothing-stores\\app\\routes.ts": {"path":"C:\\Users\\Diego Cortes\\Desktop\\clothing-stores\\app\\routes.ts","statementMap":{},"fnMap":{},"branchMap":{},"s":{},"f":{},"b":{}}
,"C:\\Users\\Diego Cortes\\Desktop\\clothing-stores\\app\\component\\AreasMain.tsx": {"path":"C:\\Users\\Diego Cortes\\Desktop\\clothing-stores\\app\\component\\AreasMain.tsx","statementMap":{"0":{"start":{"line":4,"column":15},"end":{"line":23,"column":1}},"1":{"start":{"line":26,"column":42},"end":{"line":26,"column":59}},"2":{"start":{"line":27,"column":56},"end":{"line":27,"column":79}},"3":{"start":{"line":29,"column":20},"end":{"line":32,"column":3}},"4":{"start":{"line":30,"column":4},"end":{"line":30,"column":36}},"5":{"start":{"line":31,"column":4},"end":{"line":31,"column":68}},"6":{"start":{"line":31,"column":35},"end":{"line":31,"column":66}},"7":{"start":{"line":33,"column":19},"end":{"line":33,"column":32}},"8":{"start":{"line":34,"column":2},"end":{"line":96,"column":4}},"9":{"start":{"line":56,"column":34},"end":{"line":56,"column":75}}},"fnMap":{"0":{"name":"AreasMain","decl":{"start":{"line":25,"column":24},"end":{"line":25,"column":33}},"loc":{"start":{"line":25,"column":36},"end":{"line":97,"column":1}},"line":25},"1":{"name":"(anonymous_1)","decl":{"start":{"line":29,"column":20},"end":{"line":29,"column":21}},"loc":{"start":{"line":29,"column":26},"end":{"line":32,"column":3}},"line":29},"2":{"name":"(anonymous_2)","decl":{"start":{"line":31,"column":20},"end":{"line":31,"column":21}},"loc":{"start":{"line":31,"column":35},"end":{"line":31,"column":66}},"line":31},"3":{"name":"(anonymous_3)","decl":{"start":{"line":56,"column":29},"end":{"line":56,"column":30}},"loc":{"start":{"line":56,"column":34},"end":{"line":56,"column":75}},"line":56}},"branchMap":{"0":{"loc":{"start":{"line":43,"column":23},"end":{"line":45,"column":31}},"type":"cond-expr","locations":[{"start":{"line":44,"column":16},"end":{"line":44,"column":31}},{"start":{"line":45,"column":16},"end":{"line":45,"column":31}}],"line":43},"1":{"loc":{"start":{"line":50,"column":14},"end":{"line":50,"column":71}},"type":"cond-expr","locations":[{"start":{"line":50,"column":48},"end":{"line":50,"column":66}},{"start":{"line":50,"column":69},"end":{"line":50,"column":71}}],"line":50}},"s":{"0":0,"1":0,"2":0,"3":0,"4":0,"5":0,"6":0,"7":0,"8":0,"9":0},"f":{"0":0,"1":0,"2":0,"3":0},"b":{"0":[0,0],"1":[0,0]}}
,"C:\\Users\\Diego Cortes\\Desktop\\clothing-stores\\app\\component\\CardVentas.tsx": {"path":"C:\\Users\\Diego Cortes\\Desktop\\clothing-stores\\app\\component\\CardVentas.tsx","statementMap":{"0":{"start":{"line":9,"column":46},"end":{"line":90,"column":1}},"1":{"start":{"line":10,"column":42},"end":{"line":10,"column":71}},"2":{"start":{"line":11,"column":48},"end":{"line":11,"column":79}},"3":{"start":{"line":13,"column":29},"end":{"line":13,"column":50}},"4":{"start":{"line":15,"column":2},"end":{"line":89,"column":4}},"5":{"start":{"line":32,"column":40},"end":{"line":32,"column":67}},"6":{"start":{"line":34,"column":10},"end":{"line":79,"column":12}},"7":{"start":{"line":38,"column":34},"end":{"line":38,"column":87}},"8":{"start":{"line":39,"column":34},"end":{"line":39,"column":80}},"9":{"start":{"line":40,"column":29},"end":{"line":40,"column":57}},"10":{"start":{"line":86,"column":23},"end":{"line":86,"column":47}}},"fnMap":{"0":{"name":"(anonymous_0)","decl":{"start":{"line":9,"column":46},"end":{"line":9,"column":47}},"loc":{"start":{"line":9,"column":65},"end":{"line":90,"column":1}},"line":9},"1":{"name":"(anonymous_1)","decl":{"start":{"line":31,"column":32},"end":{"line":31,"column":33}},"loc":{"start":{"line":31,"column":46},"end":{"line":80,"column":9}},"line":31},"2":{"name":"(anonymous_2)","decl":{"start":{"line":38,"column":28},"end":{"line":38,"column":29}},"loc":{"start":{"line":38,"column":34},"end":{"line":38,"column":87}},"line":38},"3":{"name":"(anonymous_3)","decl":{"start":{"line":39,"column":28},"end":{"line":39,"column":29}},"loc":{"start":{"line":39,"column":34},"end":{"line":39,"column":80}},"line":39},"4":{"name":"(anonymous_4)","decl":{"start":{"line":40,"column":23},"end":{"line":40,"column":24}},"loc":{"start":{"line":40,"column":29},"end":{"line":40,"column":57}},"line":40},"5":{"name":"(anonymous_5)","decl":{"start":{"line":86,"column":17},"end":{"line":86,"column":18}},"loc":{"start":{"line":86,"column":23},"end":{"line":86,"column":47}},"line":86}},"branchMap":{"0":{"loc":{"start":{"line":38,"column":34},"end":{"line":38,"column":87}},"type":"binary-expr","locations":[{"start":{"line":38,"column":34},"end":{"line":38,"column":55}},{"start":{"line":38,"column":59},"end":{"line":38,"column":87}}],"line":38},"1":{"loc":{"start":{"line":39,"column":34},"end":{"line":39,"column":80}},"type":"binary-expr","locations":[{"start":{"line":39,"column":34},"end":{"line":39,"column":55}},{"start":{"line":39,"column":59},"end":{"line":39,"column":80}}],"line":39},"2":{"loc":{"start":{"line":48,"column":20},"end":{"line":48,"column":103}},"type":"cond-expr","locations":[{"start":{"line":48,"column":76},"end":{"line":48,"column":87}},{"start":{"line":48,"column":90},"end":{"line":48,"column":103}}],"line":48},"3":{"loc":{"start":{"line":48,"column":20},"end":{"line":48,"column":73}},"type":"binary-expr","locations":[{"start":{"line":48,"column":20},"end":{"line":48,"column":48}},{"start":{"line":48,"column":52},"end":{"line":48,"column":73}}],"line":48},"4":{"loc":{"start":{"line":51,"column":17},"end":{"line":59,"column":17}},"type":"binary-expr","locations":[{"start":{"line":51,"column":17},"end":{"line":51,"column":38}},{"start":{"line":52,"column":18},"end":{"line":58,"column":20}}],"line":51},"5":{"loc":{"start":{"line":56,"column":22},"end":{"line":56,"column":80}},"type":"cond-expr","locations":[{"start":{"line":56,"column":53},"end":{"line":56,"column":66}},{"start":{"line":56,"column":69},"end":{"line":56,"column":80}}],"line":56}},"s":{"0":0,"1":0,"2":0,"3":0,"4":0,"5":0,"6":0,"7":0,"8":0,"9":0,"10":0},"f":{"0":0,"1":0,"2":0,"3":0,"4":0,"5":0},"b":{"0":[0,0],"1":[0,0],"2":[0,0],"3":[0,0],"4":[0,0],"5":[0,0]}}
,"C:\\Users\\Diego Cortes\\Desktop\\clothing-stores\\app\\component\\CartIcon.tsx": {"path":"C:\\Users\\Diego Cortes\\Desktop\\clothing-stores\\app\\component\\CartIcon.tsx","statementMap":{"0":{"start":{"line":7,"column":17},"end":{"line":81,"column":1}},"1":{"start":{"line":8,"column":25},"end":{"line":8,"column":34}},"2":{"start":{"line":9,"column":48},"end":{"line":9,"column":63}},"3":{"start":{"line":10,"column":56},"end":{"line":10,"column":71}},"4":{"start":{"line":12,"column":2},"end":{"line":12,"column":77}},"5":{"start":{"line":14,"column":26},"end":{"line":18,"column":3}},"6":{"start":{"line":15,"column":4},"end":{"line":15,"column":23}},"7":{"start":{"line":16,"column":4},"end":{"line":16,"column":37}},"8":{"start":{"line":17,"column":4},"end":{"line":17,"column":29}},"9":{"start":{"line":20,"column":25},"end":{"line":24,"column":3}},"10":{"start":{"line":21,"column":4},"end":{"line":21,"column":43}},"11":{"start":{"line":22,"column":4},"end":{"line":22,"column":33}},"12":{"start":{"line":23,"column":4},"end":{"line":23,"column":30}},"13":{"start":{"line":26,"column":27},"end":{"line":30,"column":3}},"14":{"start":{"line":27,"column":4},"end":{"line":27,"column":40}},"15":{"start":{"line":28,"column":4},"end":{"line":28,"column":34}},"16":{"start":{"line":29,"column":4},"end":{"line":29,"column":29}},"17":{"start":{"line":32,"column":2},"end":{"line":80,"column":4}},"18":{"start":{"line":69,"column":23},"end":{"line":69,"column":48}},"19":{"start":{"line":76,"column":23},"end":{"line":76,"column":52}}},"fnMap":{"0":{"name":"(anonymous_0)","decl":{"start":{"line":7,"column":17},"end":{"line":7,"column":18}},"loc":{"start":{"line":7,"column":23},"end":{"line":81,"column":1}},"line":7},"1":{"name":"(anonymous_1)","decl":{"start":{"line":14,"column":26},"end":{"line":14,"column":27}},"loc":{"start":{"line":14,"column":51},"end":{"line":18,"column":3}},"line":14},"2":{"name":"(anonymous_2)","decl":{"start":{"line":20,"column":25},"end":{"line":20,"column":26}},"loc":{"start":{"line":20,"column":31},"end":{"line":24,"column":3}},"line":20},"3":{"name":"(anonymous_3)","decl":{"start":{"line":26,"column":27},"end":{"line":26,"column":28}},"loc":{"start":{"line":26,"column":33},"end":{"line":30,"column":3}},"line":26},"4":{"name":"(anonymous_4)","decl":{"start":{"line":69,"column":17},"end":{"line":69,"column":18}},"loc":{"start":{"line":69,"column":23},"end":{"line":69,"column":48}},"line":69},"5":{"name":"(anonymous_5)","decl":{"start":{"line":76,"column":17},"end":{"line":76,"column":18}},"loc":{"start":{"line":76,"column":23},"end":{"line":76,"column":52}},"line":76}},"branchMap":{"0":{"loc":{"start":{"line":58,"column":11},"end":{"line":62,"column":11}},"type":"binary-expr","locations":[{"start":{"line":58,"column":11},"end":{"line":58,"column":25}},{"start":{"line":59,"column":12},"end":{"line":61,"column":19}}],"line":58},"1":{"loc":{"start":{"line":60,"column":15},"end":{"line":60,"column":51}},"type":"cond-expr","locations":[{"start":{"line":60,"column":33},"end":{"line":60,"column":38}},{"start":{"line":60,"column":41},"end":{"line":60,"column":51}}],"line":60}},"s":{"0":0,"1":0,"2":0,"3":0,"4":0,"5":0,"6":0,"7":0,"8":0,"9":0,"10":0,"11":0,"12":0,"13":0,"14":0,"15":0,"16":0,"17":0,"18":0,"19":0},"f":{"0":0,"1":0,"2":0,"3":0,"4":0,"5":0},"b":{"0":[0,0],"1":[0,0]}}
,"C:\\Users\\Diego Cortes\\Desktop\\clothing-stores\\app\\component\\CartModal.tsx": {"path":"C:\\Users\\Diego Cortes\\Desktop\\clothing-stores\\app\\component\\CartModal.tsx","statementMap":{"0":{"start":{"line":20,"column":6},"end":{"line":20,"column":15}},"1":{"start":{"line":23,"column":2},"end":{"line":37,"column":24}},"2":{"start":{"line":24,"column":25},"end":{"line":26,"column":5}},"3":{"start":{"line":25,"column":6},"end":{"line":25,"column":40}},"4":{"start":{"line":25,"column":30},"end":{"line":25,"column":40}},"5":{"start":{"line":28,"column":4},"end":{"line":31,"column":5}},"6":{"start":{"line":29,"column":6},"end":{"line":29,"column":57}},"7":{"start":{"line":30,"column":6},"end":{"line":30,"column":46}},"8":{"start":{"line":33,"column":4},"end":{"line":36,"column":6}},"9":{"start":{"line":34,"column":6},"end":{"line":34,"column":60}},"10":{"start":{"line":35,"column":6},"end":{"line":35,"column":45}},"11":{"start":{"line":40,"column":30},"end":{"line":44,"column":3}},"12":{"start":{"line":41,"column":4},"end":{"line":43,"column":5}},"13":{"start":{"line":42,"column":6},"end":{"line":42,"column":16}},"14":{"start":{"line":46,"column":25},"end":{"line":49,"column":3}},"15":{"start":{"line":47,"column":4},"end":{"line":47,"column":14}},"16":{"start":{"line":48,"column":4},"end":{"line":48,"column":17}},"17":{"start":{"line":51,"column":2},"end":{"line":51,"column":27}},"18":{"start":{"line":51,"column":15},"end":{"line":51,"column":27}},"19":{"start":{"line":53,"column":2},"end":{"line":131,"column":4}},"20":{"start":{"line":88,"column":16},"end":{"line":94,"column":18}},"21":{"start":{"line":113,"column":18},"end":{"line":113,"column":30}},"22":{"start":{"line":114,"column":18},"end":{"line":114,"column":28}},"23":{"start":{"line":143,"column":2},"end":{"line":208,"column":4}},"24":{"start":{"line":173,"column":29},"end":{"line":173,"column":49}},"25":{"start":{"line":185,"column":29},"end":{"line":185,"column":49}},"26":{"start":{"line":199,"column":23},"end":{"line":199,"column":40}}},"fnMap":{"0":{"name":"CartModal","decl":{"start":{"line":11,"column":24},"end":{"line":11,"column":33}},"loc":{"start":{"line":11,"column":83},"end":{"line":132,"column":1}},"line":11},"1":{"name":"(anonymous_1)","decl":{"start":{"line":23,"column":12},"end":{"line":23,"column":13}},"loc":{"start":{"line":23,"column":18},"end":{"line":37,"column":3}},"line":23},"2":{"name":"(anonymous_2)","decl":{"start":{"line":24,"column":25},"end":{"line":24,"column":26}},"loc":{"start":{"line":24,"column":47},"end":{"line":26,"column":5}},"line":24},"3":{"name":"(anonymous_3)","decl":{"start":{"line":33,"column":11},"end":{"line":33,"column":12}},"loc":{"start":{"line":33,"column":17},"end":{"line":36,"column":5}},"line":33},"4":{"name":"(anonymous_4)","decl":{"start":{"line":40,"column":30},"end":{"line":40,"column":31}},"loc":{"start":{"line":40,"column":55},"end":{"line":44,"column":3}},"line":40},"5":{"name":"(anonymous_5)","decl":{"start":{"line":46,"column":25},"end":{"line":46,"column":26}},"loc":{"start":{"line":46,"column":31},"end":{"line":49,"column":3}},"line":46},"6":{"name":"(anonymous_6)","decl":{"start":{"line":87,"column":25},"end":{"line":87,"column":26}},"loc":{"start":{"line":88,"column":16},"end":{"line":94,"column":18}},"line":88},"7":{"name":"(anonymous_7)","decl":{"start":{"line":112,"column":25},"end":{"line":112,"column":26}},"loc":{"start":{"line":112,"column":31},"end":{"line":115,"column":17}},"line":112},"8":{"name":"CartItem","decl":{"start":{"line":142,"column":9},"end":{"line":142,"column":17}},"loc":{"start":{"line":142,"column":79},"end":{"line":209,"column":1}},"line":142},"9":{"name":"(anonymous_9)","decl":{"start":{"line":173,"column":23},"end":{"line":173,"column":24}},"loc":{"start":{"line":173,"column":29},"end":{"line":173,"column":49}},"line":173},"10":{"name":"(anonymous_10)","decl":{"start":{"line":185,"column":23},"end":{"line":185,"column":24}},"loc":{"start":{"line":185,"column":29},"end":{"line":185,"column":49}},"line":185},"11":{"name":"(anonymous_11)","decl":{"start":{"line":199,"column":17},"end":{"line":199,"column":18}},"loc":{"start":{"line":199,"column":23},"end":{"line":199,"column":40}},"line":199}},"branchMap":{"0":{"loc":{"start":{"line":25,"column":6},"end":{"line":25,"column":40}},"type":"if","locations":[{"start":{"line":25,"column":6},"end":{"line":25,"column":40}},{"start":{},"end":{}}],"line":25},"1":{"loc":{"start":{"line":28,"column":4},"end":{"line":31,"column":5}},"type":"if","locations":[{"start":{"line":28,"column":4},"end":{"line":31,"column":5}},{"start":{},"end":{}}],"line":28},"2":{"loc":{"start":{"line":41,"column":4},"end":{"line":43,"column":5}},"type":"if","locations":[{"start":{"line":41,"column":4},"end":{"line":43,"column":5}},{"start":{},"end":{}}],"line":41},"3":{"loc":{"start":{"line":51,"column":2},"end":{"line":51,"column":27}},"type":"if","locations":[{"start":{"line":51,"column":2},"end":{"line":51,"column":27}},{"start":{},"end":{}}],"line":51},"4":{"loc":{"start":{"line":77,"column":11},"end":{"line":97,"column":11}},"type":"cond-expr","locations":[{"start":{"line":78,"column":12},"end":{"line":84,"column":18}},{"start":{"line":86,"column":12},"end":{"line":96,"column":18}}],"line":77},"5":{"loc":{"start":{"line":101,"column":9},"end":{"line":128,"column":9}},"type":"binary-expr","locations":[{"start":{"line":101,"column":9},"end":{"line":101,"column":25}},{"start":{"line":102,"column":10},"end":{"line":127,"column":16}}],"line":101},"6":{"loc":{"start":{"line":157,"column":9},"end":{"line":162,"column":9}},"type":"binary-expr","locations":[{"start":{"line":157,"column":10},"end":{"line":157,"column":19}},{"start":{"line":157,"column":23},"end":{"line":157,"column":33}},{"start":{"line":158,"column":10},"end":{"line":161,"column":16}}],"line":157},"7":{"loc":{"start":{"line":159,"column":13},"end":{"line":159,"column":57}},"type":"binary-expr","locations":[{"start":{"line":159,"column":13},"end":{"line":159,"column":22}},{"start":{"line":159,"column":26},"end":{"line":159,"column":57}}],"line":159},"8":{"loc":{"start":{"line":160,"column":13},"end":{"line":160,"column":59}},"type":"binary-expr","locations":[{"start":{"line":160,"column":13},"end":{"line":160,"column":23}},{"start":{"line":160,"column":27},"end":{"line":160,"column":59}}],"line":160}},"s":{"0":0,"1":0,"2":0,"3":0,"4":0,"5":0,"6":0,"7":0,"8":0,"9":0,"10":0,"11":0,"12":0,"13":0,"14":0,"15":0,"16":0,"17":0,"18":0,"19":0,"20":0,"21":0,"22":0,"23":0,"24":0,"25":0,"26":0},"f":{"0":0,"1":0,"2":0,"3":0,"4":0,"5":0,"6":0,"7":0,"8":0,"9":0,"10":0,"11":0},"b":{"0":[0,0],"1":[0,0],"2":[0,0],"3":[0,0],"4":[0,0],"5":[0,0],"6":[0,0,0],"7":[0,0],"8":[0,0]}}
,"C:\\Users\\Diego Cortes\\Desktop\\clothing-stores\\app\\component\\CheckoutModal.tsx": {"path":"C:\\Users\\Diego Cortes\\Desktop\\clothing-stores\\app\\component\\CheckoutModal.tsx","statementMap":{"0":{"start":{"line":14,"column":55},"end":{"line":14,"column":64}},"1":{"start":{"line":15,"column":26},"end":{"line":15,"column":37}},"2":{"start":{"line":16,"column":44},"end":{"line":16,"column":82}},"3":{"start":{"line":17,"column":42},"end":{"line":17,"column":57}},"4":{"start":{"line":19,"column":42},"end":{"line":28,"column":4}},"5":{"start":{"line":30,"column":34},"end":{"line":35,"column":4}},"6":{"start":{"line":37,"column":2},"end":{"line":42,"column":15}},"7":{"start":{"line":38,"column":4},"end":{"line":41,"column":5}},"8":{"start":{"line":39,"column":6},"end":{"line":39,"column":17}},"9":{"start":{"line":40,"column":6},"end":{"line":40,"column":29}},"10":{"start":{"line":44,"column":2},"end":{"line":58,"column":38}},"11":{"start":{"line":45,"column":25},"end":{"line":47,"column":5}},"12":{"start":{"line":46,"column":6},"end":{"line":46,"column":57}},"13":{"start":{"line":46,"column":47},"end":{"line":46,"column":57}},"14":{"start":{"line":49,"column":4},"end":{"line":52,"column":5}},"15":{"start":{"line":50,"column":6},"end":{"line":50,"column":57}},"16":{"start":{"line":51,"column":6},"end":{"line":51,"column":46}},"17":{"start":{"line":54,"column":4},"end":{"line":57,"column":6}},"18":{"start":{"line":55,"column":6},"end":{"line":55,"column":60}},"19":{"start":{"line":56,"column":6},"end":{"line":56,"column":45}},"20":{"start":{"line":60,"column":30},"end":{"line":64,"column":3}},"21":{"start":{"line":61,"column":4},"end":{"line":63,"column":5}},"22":{"start":{"line":62,"column":6},"end":{"line":62,"column":16}},"23":{"start":{"line":66,"column":35},"end":{"line":69,"column":3}},"24":{"start":{"line":67,"column":28},"end":{"line":67,"column":36}},"25":{"start":{"line":68,"column":4},"end":{"line":68,"column":58}},"26":{"start":{"line":68,"column":29},"end":{"line":68,"column":55}},"27":{"start":{"line":71,"column":31},"end":{"line":74,"column":3}},"28":{"start":{"line":72,"column":28},"end":{"line":72,"column":36}},"29":{"start":{"line":73,"column":4},"end":{"line":73,"column":54}},"30":{"start":{"line":73,"column":25},"end":{"line":73,"column":51}},"31":{"start":{"line":76,"column":25},"end":{"line":78,"column":3}},"32":{"start":{"line":77,"column":4},"end":{"line":77,"column":22}},"33":{"start":{"line":80,"column":29},"end":{"line":82,"column":3}},"34":{"start":{"line":81,"column":4},"end":{"line":81,"column":22}},"35":{"start":{"line":84,"column":28},"end":{"line":103,"column":3}},"36":{"start":{"line":85,"column":4},"end":{"line":85,"column":26}},"37":{"start":{"line":87,"column":4},"end":{"line":102,"column":5}},"38":{"start":{"line":88,"column":6},"end":{"line":88,"column":62}},"39":{"start":{"line":88,"column":35},"end":{"line":88,"column":60}},"40":{"start":{"line":89,"column":6},"end":{"line":94,"column":9}},"41":{"start":{"line":96,"column":6},"end":{"line":96,"column":17}},"42":{"start":{"line":97,"column":6},"end":{"line":97,"column":18}},"43":{"start":{"line":99,"column":6},"end":{"line":99,"column":57}},"44":{"start":{"line":101,"column":6},"end":{"line":101,"column":29}},"45":{"start":{"line":105,"column":30},"end":{"line":108,"column":3}},"46":{"start":{"line":106,"column":4},"end":{"line":106,"column":14}},"47":{"start":{"line":107,"column":4},"end":{"line":107,"column":37}},"48":{"start":{"line":107,"column":22},"end":{"line":107,"column":37}},"49":{"start":{"line":110,"column":2},"end":{"line":110,"column":27}},"50":{"start":{"line":110,"column":15},"end":{"line":110,"column":27}},"51":{"start":{"line":112,"column":2},"end":{"line":335,"column":4}},"52":{"start":{"line":203,"column":33},"end":{"line":203,"column":64}},"53":{"start":{"line":216,"column":33},"end":{"line":216,"column":63}},"54":{"start":{"line":253,"column":18},"end":{"line":260,"column":24}}},"fnMap":{"0":{"name":"CheckoutModal","decl":{"start":{"line":13,"column":24},"end":{"line":13,"column":37}},"loc":{"start":{"line":13,"column":93},"end":{"line":336,"column":1}},"line":13},"1":{"name":"(anonymous_1)","decl":{"start":{"line":37,"column":12},"end":{"line":37,"column":13}},"loc":{"start":{"line":37,"column":18},"end":{"line":42,"column":3}},"line":37},"2":{"name":"(anonymous_2)","decl":{"start":{"line":44,"column":12},"end":{"line":44,"column":13}},"loc":{"start":{"line":44,"column":18},"end":{"line":58,"column":3}},"line":44},"3":{"name":"(anonymous_3)","decl":{"start":{"line":45,"column":25},"end":{"line":45,"column":26}},"loc":{"start":{"line":45,"column":47},"end":{"line":47,"column":5}},"line":45},"4":{"name":"(anonymous_4)","decl":{"start":{"line":54,"column":11},"end":{"line":54,"column":12}},"loc":{"start":{"line":54,"column":17},"end":{"line":57,"column":5}},"line":54},"5":{"name":"(anonymous_5)","decl":{"start":{"line":60,"column":30},"end":{"line":60,"column":31}},"loc":{"start":{"line":60,"column":55},"end":{"line":64,"column":3}},"line":60},"6":{"name":"(anonymous_6)","decl":{"start":{"line":66,"column":35},"end":{"line":66,"column":36}},"loc":{"start":{"line":66,"column":79},"end":{"line":69,"column":3}},"line":66},"7":{"name":"(anonymous_7)","decl":{"start":{"line":68,"column":20},"end":{"line":68,"column":21}},"loc":{"start":{"line":68,"column":29},"end":{"line":68,"column":55}},"line":68},"8":{"name":"(anonymous_8)","decl":{"start":{"line":71,"column":31},"end":{"line":71,"column":32}},"loc":{"start":{"line":71,"column":75},"end":{"line":74,"column":3}},"line":71},"9":{"name":"(anonymous_9)","decl":{"start":{"line":73,"column":16},"end":{"line":73,"column":17}},"loc":{"start":{"line":73,"column":25},"end":{"line":73,"column":51}},"line":73},"10":{"name":"(anonymous_10)","decl":{"start":{"line":76,"column":25},"end":{"line":76,"column":26}},"loc":{"start":{"line":76,"column":31},"end":{"line":78,"column":3}},"line":76},"11":{"name":"(anonymous_11)","decl":{"start":{"line":80,"column":29},"end":{"line":80,"column":30}},"loc":{"start":{"line":80,"column":35},"end":{"line":82,"column":3}},"line":80},"12":{"name":"(anonymous_12)","decl":{"start":{"line":84,"column":28},"end":{"line":84,"column":29}},"loc":{"start":{"line":84,"column":40},"end":{"line":103,"column":3}},"line":84},"13":{"name":"(anonymous_13)","decl":{"start":{"line":88,"column":24},"end":{"line":88,"column":25}},"loc":{"start":{"line":88,"column":35},"end":{"line":88,"column":60}},"line":88},"14":{"name":"(anonymous_14)","decl":{"start":{"line":105,"column":30},"end":{"line":105,"column":31}},"loc":{"start":{"line":105,"column":36},"end":{"line":108,"column":3}},"line":105},"15":{"name":"(anonymous_15)","decl":{"start":{"line":203,"column":27},"end":{"line":203,"column":28}},"loc":{"start":{"line":203,"column":33},"end":{"line":203,"column":64}},"line":203},"16":{"name":"(anonymous_16)","decl":{"start":{"line":216,"column":27},"end":{"line":216,"column":28}},"loc":{"start":{"line":216,"column":33},"end":{"line":216,"column":63}},"line":216},"17":{"name":"(anonymous_17)","decl":{"start":{"line":252,"column":27},"end":{"line":252,"column":28}},"loc":{"start":{"line":253,"column":18},"end":{"line":260,"column":24}},"line":253}},"branchMap":{"0":{"loc":{"start":{"line":38,"column":4},"end":{"line":41,"column":5}},"type":"if","locations":[{"start":{"line":38,"column":4},"end":{"line":41,"column":5}},{"start":{},"end":{}}],"line":38},"1":{"loc":{"start":{"line":46,"column":6},"end":{"line":46,"column":57}},"type":"if","locations":[{"start":{"line":46,"column":6},"end":{"line":46,"column":57}},{"start":{},"end":{}}],"line":46},"2":{"loc":{"start":{"line":46,"column":10},"end":{"line":46,"column":45}},"type":"binary-expr","locations":[{"start":{"line":46,"column":10},"end":{"line":46,"column":28}},{"start":{"line":46,"column":32},"end":{"line":46,"column":45}}],"line":46},"3":{"loc":{"start":{"line":49,"column":4},"end":{"line":52,"column":5}},"type":"if","locations":[{"start":{"line":49,"column":4},"end":{"line":52,"column":5}},{"start":{},"end":{}}],"line":49},"4":{"loc":{"start":{"line":61,"column":4},"end":{"line":63,"column":5}},"type":"if","locations":[{"start":{"line":61,"column":4},"end":{"line":63,"column":5}},{"start":{},"end":{}}],"line":61},"5":{"loc":{"start":{"line":61,"column":8},"end":{"line":61,"column":53}},"type":"binary-expr","locations":[{"start":{"line":61,"column":8},"end":{"line":61,"column":36}},{"start":{"line":61,"column":40},"end":{"line":61,"column":53}}],"line":61},"6":{"loc":{"start":{"line":107,"column":4},"end":{"line":107,"column":37}},"type":"if","locations":[{"start":{"line":107,"column":4},"end":{"line":107,"column":37}},{"start":{},"end":{}}],"line":107},"7":{"loc":{"start":{"line":110,"column":2},"end":{"line":110,"column":27}},"type":"if","locations":[{"start":{"line":110,"column":2},"end":{"line":110,"column":27}},{"start":{},"end":{}}],"line":110},"8":{"loc":{"start":{"line":121,"column":15},"end":{"line":121,"column":51}},"type":"binary-expr","locations":[{"start":{"line":121,"column":15},"end":{"line":121,"column":25}},{"start":{"line":121,"column":29},"end":{"line":121,"column":51}}],"line":121},"9":{"loc":{"start":{"line":122,"column":15},"end":{"line":122,"column":45}},"type":"binary-expr","locations":[{"start":{"line":122,"column":15},"end":{"line":122,"column":25}},{"start":{"line":122,"column":29},"end":{"line":122,"column":45}}],"line":122},"10":{"loc":{"start":{"line":123,"column":15},"end":{"line":123,"column":49}},"type":"binary-expr","locations":[{"start":{"line":123,"column":15},"end":{"line":123,"column":25}},{"start":{"line":123,"column":29},"end":{"line":123,"column":49}}],"line":123},"11":{"loc":{"start":{"line":130,"column":11},"end":{"line":140,"column":11}},"type":"binary-expr","locations":[{"start":{"line":130,"column":11},"end":{"line":130,"column":24}},{"start":{"line":131,"column":12},"end":{"line":139,"column":21}}],"line":130},"12":{"loc":{"start":{"line":145,"column":52},"end":{"line":145,"column":97}},"type":"cond-expr","locations":[{"start":{"line":145,"column":64},"end":{"line":145,"column":79}},{"start":{"line":145,"column":82},"end":{"line":145,"column":97}}],"line":145},"13":{"loc":{"start":{"line":148,"column":52},"end":{"line":148,"column":97}},"type":"cond-expr","locations":[{"start":{"line":148,"column":64},"end":{"line":148,"column":79}},{"start":{"line":148,"column":82},"end":{"line":148,"column":97}}],"line":148},"14":{"loc":{"start":{"line":151,"column":52},"end":{"line":151,"column":97}},"type":"cond-expr","locations":[{"start":{"line":151,"column":64},"end":{"line":151,"column":79}},{"start":{"line":151,"column":82},"end":{"line":151,"column":97}}],"line":151},"15":{"loc":{"start":{"line":164,"column":11},"end":{"line":196,"column":11}},"type":"binary-expr","locations":[{"start":{"line":164,"column":11},"end":{"line":164,"column":21}},{"start":{"line":165,"column":12},"end":{"line":195,"column":18}}],"line":164},"16":{"loc":{"start":{"line":198,"column":11},"end":{"line":230,"column":11}},"type":"binary-expr","locations":[{"start":{"line":198,"column":11},"end":{"line":198,"column":21}},{"start":{"line":199,"column":12},"end":{"line":229,"column":18}}],"line":198},"17":{"loc":{"start":{"line":205,"column":20},"end":{"line":207,"column":63}},"type":"cond-expr","locations":[{"start":{"line":206,"column":24},"end":{"line":206,"column":52}},{"start":{"line":207,"column":24},"end":{"line":207,"column":63}}],"line":205},"18":{"loc":{"start":{"line":218,"column":20},"end":{"line":220,"column":63}},"type":"cond-expr","locations":[{"start":{"line":219,"column":24},"end":{"line":219,"column":52}},{"start":{"line":220,"column":24},"end":{"line":220,"column":63}}],"line":218},"19":{"loc":{"start":{"line":232,"column":11},"end":{"line":244,"column":11}},"type":"binary-expr","locations":[{"start":{"line":232,"column":11},"end":{"line":232,"column":21}},{"start":{"line":233,"column":12},"end":{"line":243,"column":18}}],"line":232},"20":{"loc":{"start":{"line":247,"column":9},"end":{"line":271,"column":9}},"type":"binary-expr","locations":[{"start":{"line":247,"column":9},"end":{"line":247,"column":17}},{"start":{"line":248,"column":10},"end":{"line":270,"column":16}}],"line":247},"21":{"loc":{"start":{"line":275,"column":13},"end":{"line":294,"column":13}},"type":"cond-expr","locations":[{"start":{"line":276,"column":14},"end":{"line":282,"column":23}},{"start":{"line":284,"column":14},"end":{"line":293,"column":20}}],"line":275},"22":{"loc":{"start":{"line":275,"column":13},"end":{"line":275,"column":33}},"type":"binary-expr","locations":[{"start":{"line":275,"column":13},"end":{"line":275,"column":21}},{"start":{"line":275,"column":25},"end":{"line":275,"column":33}}],"line":275},"23":{"loc":{"start":{"line":285,"column":17},"end":{"line":292,"column":17}},"type":"binary-expr","locations":[{"start":{"line":285,"column":17},"end":{"line":285,"column":27}},{"start":{"line":285,"column":31},"end":{"line":285,"column":43}},{"start":{"line":286,"column":18},"end":{"line":291,"column":27}}],"line":285},"24":{"loc":{"start":{"line":297,"column":15},"end":{"line":329,"column":15}},"type":"cond-expr","locations":[{"start":{"line":298,"column":16},"end":{"line":303,"column":25}},{"start":{"line":304,"column":18},"end":{"line":329,"column":15}}],"line":297},"25":{"loc":{"start":{"line":304,"column":18},"end":{"line":329,"column":15}},"type":"cond-expr","locations":[{"start":{"line":305,"column":16},"end":{"line":321,"column":25}},{"start":{"line":323,"column":16},"end":{"line":328,"column":25}}],"line":304},"26":{"loc":{"start":{"line":310,"column":19},"end":{"line":320,"column":19}},"type":"cond-expr","locations":[{"start":{"line":311,"column":20},"end":{"line":317,"column":23}},{"start":{"line":319,"column":20},"end":{"line":319,"column":53}}],"line":310}},"s":{"0":0,"1":0,"2":0,"3":0,"4":0,"5":0,"6":0,"7":0,"8":0,"9":0,"10":0,"11":0,"12":0,"13":0,"14":0,"15":0,"16":0,"17":0,"18":0,"19":0,"20":0,"21":0,"22":0,"23":0,"24":0,"25":0,"26":0,"27":0,"28":0,"29":0,"30":0,"31":0,"32":0,"33":0,"34":0,"35":0,"36":0,"37":0,"38":0,"39":0,"40":0,"41":0,"42":0,"43":0,"44":0,"45":0,"46":0,"47":0,"48":0,"49":0,"50":0,"51":0,"52":0,"53":0,"54":0},"f":{"0":0,"1":0,"2":0,"3":0,"4":0,"5":0,"6":0,"7":0,"8":0,"9":0,"10":0,"11":0,"12":0,"13":0,"14":0,"15":0,"16":0,"17":0},"b":{"0":[0,0],"1":[0,0],"2":[0,0],"3":[0,0],"4":[0,0],"5":[0,0],"6":[0,0],"7":[0,0],"8":[0,0],"9":[0,0],"10":[0,0],"11":[0,0],"12":[0,0],"13":[0,0],"14":[0,0],"15":[0,0],"16":[0,0],"17":[0,0],"18":[0,0],"19":[0,0],"20":[0,0],"21":[0,0],"22":[0,0],"23":[0,0,0],"24":[0,0],"25":[0,0],"26":[0,0]}}
,"C:\\Users\\Diego Cortes\\Desktop\\clothing-stores\\app\\component\\ClientCarousel.tsx": {"path":"C:\\Users\\Diego Cortes\\Desktop\\clothing-stores\\app\\component\\ClientCarousel.tsx","statementMap":{"0":{"start":{"line":14,"column":40},"end":{"line":90,"column":1}},"1":{"start":{"line":15,"column":2},"end":{"line":89,"column":4}},"2":{"start":{"line":31,"column":12},"end":{"line":54,"column":18}},"3":{"start":{"line":37,"column":16},"end":{"line":52,"column":20}}},"fnMap":{"0":{"name":"(anonymous_0)","decl":{"start":{"line":14,"column":40},"end":{"line":14,"column":41}},"loc":{"start":{"line":14,"column":78},"end":{"line":90,"column":1}},"line":14},"1":{"name":"(anonymous_1)","decl":{"start":{"line":30,"column":22},"end":{"line":30,"column":23}},"loc":{"start":{"line":31,"column":12},"end":{"line":54,"column":18}},"line":31},"2":{"name":"(anonymous_2)","decl":{"start":{"line":36,"column":27},"end":{"line":36,"column":28}},"loc":{"start":{"line":37,"column":16},"end":{"line":52,"column":20}},"line":37}},"branchMap":{"0":{"loc":{"start":{"line":14,"column":52},"end":{"line":14,"column":71}},"type":"default-arg","locations":[{"start":{"line":14,"column":65},"end":{"line":14,"column":71}}],"line":14},"1":{"loc":{"start":{"line":39,"column":24},"end":{"line":39,"column":41}},"type":"binary-expr","locations":[{"start":{"line":39,"column":24},"end":{"line":39,"column":34}},{"start":{"line":39,"column":38},"end":{"line":39,"column":41}}],"line":39}},"s":{"0":0,"1":0,"2":0,"3":0},"f":{"0":0,"1":0,"2":0},"b":{"0":[0],"1":[0,0]}}
,"C:\\Users\\Diego Cortes\\Desktop\\clothing-stores\\app\\component\\Contact.tsx": {"path":"C:\\Users\\Diego Cortes\\Desktop\\clothing-stores\\app\\component\\Contact.tsx","statementMap":{"0":{"start":{"line":11,"column":26},"end":{"line":228,"column":1}},"1":{"start":{"line":12,"column":34},"end":{"line":17,"column":4}},"2":{"start":{"line":19,"column":42},"end":{"line":19,"column":57}},"3":{"start":{"line":20,"column":42},"end":{"line":20,"column":84}},"4":{"start":{"line":22,"column":23},"end":{"line":28,"column":3}},"5":{"start":{"line":23,"column":28},"end":{"line":23,"column":36}},"6":{"start":{"line":24,"column":4},"end":{"line":27,"column":8}},"7":{"start":{"line":24,"column":25},"end":{"line":27,"column":5}},"8":{"start":{"line":30,"column":23},"end":{"line":49,"column":3}},"9":{"start":{"line":31,"column":4},"end":{"line":31,"column":23}},"10":{"start":{"line":32,"column":4},"end":{"line":32,"column":26}},"11":{"start":{"line":33,"column":4},"end":{"line":33,"column":26}},"12":{"start":{"line":35,"column":4},"end":{"line":48,"column":5}},"13":{"start":{"line":37,"column":6},"end":{"line":37,"column":62}},"14":{"start":{"line":37,"column":35},"end":{"line":37,"column":60}},"15":{"start":{"line":40,"column":6},"end":{"line":40,"column":53}},"16":{"start":{"line":42,"column":6},"end":{"line":42,"column":33}},"17":{"start":{"line":43,"column":6},"end":{"line":43,"column":69}},"18":{"start":{"line":45,"column":6},"end":{"line":45,"column":31}},"19":{"start":{"line":47,"column":6},"end":{"line":47,"column":29}},"20":{"start":{"line":51,"column":2},"end":{"line":227,"column":4}}},"fnMap":{"0":{"name":"(anonymous_0)","decl":{"start":{"line":11,"column":26},"end":{"line":11,"column":27}},"loc":{"start":{"line":11,"column":32},"end":{"line":228,"column":1}},"line":11},"1":{"name":"(anonymous_1)","decl":{"start":{"line":22,"column":23},"end":{"line":22,"column":24}},"loc":{"start":{"line":22,"column":89},"end":{"line":28,"column":3}},"line":22},"2":{"name":"(anonymous_2)","decl":{"start":{"line":24,"column":16},"end":{"line":24,"column":17}},"loc":{"start":{"line":24,"column":25},"end":{"line":27,"column":5}},"line":24},"3":{"name":"(anonymous_3)","decl":{"start":{"line":30,"column":23},"end":{"line":30,"column":24}},"loc":{"start":{"line":30,"column":53},"end":{"line":49,"column":3}},"line":30},"4":{"name":"(anonymous_4)","decl":{"start":{"line":37,"column":24},"end":{"line":37,"column":25}},"loc":{"start":{"line":37,"column":35},"end":{"line":37,"column":60}},"line":37}},"branchMap":{"0":{"loc":{"start":{"line":182,"column":17},"end":{"line":191,"column":17}},"type":"binary-expr","locations":[{"start":{"line":182,"column":17},"end":{"line":182,"column":43}},{"start":{"line":183,"column":18},"end":{"line":190,"column":24}}],"line":182},"1":{"loc":{"start":{"line":193,"column":17},"end":{"line":202,"column":17}},"type":"binary-expr","locations":[{"start":{"line":193,"column":17},"end":{"line":193,"column":41}},{"start":{"line":194,"column":18},"end":{"line":201,"column":24}}],"line":193},"2":{"loc":{"start":{"line":209,"column":19},"end":{"line":219,"column":19}},"type":"cond-expr","locations":[{"start":{"line":210,"column":20},"end":{"line":216,"column":27}},{"start":{"line":218,"column":20},"end":{"line":218,"column":36}}],"line":209}},"s":{"0":0,"1":0,"2":0,"3":0,"4":0,"5":0,"6":0,"7":0,"8":0,"9":0,"10":0,"11":0,"12":0,"13":0,"14":0,"15":0,"16":0,"17":0,"18":0,"19":0,"20":0},"f":{"0":0,"1":0,"2":0,"3":0,"4":0},"b":{"0":[0,0],"1":[0,0],"2":[0,0]}}
,"C:\\Users\\Diego Cortes\\Desktop\\clothing-stores\\app\\component\\Footer.tsx": {"path":"C:\\Users\\Diego Cortes\\Desktop\\clothing-stores\\app\\component\\Footer.tsx","statementMap":{"0":{"start":{"line":3,"column":15},"end":{"line":124,"column":1}},"1":{"start":{"line":4,"column":22},"end":{"line":4,"column":46}},"2":{"start":{"line":6,"column":22},"end":{"line":61,"column":3}},"3":{"start":{"line":62,"column":14},"end":{"line":62,"column":257}},"4":{"start":{"line":63,"column":2},"end":{"line":123,"column":4}},"5":{"start":{"line":81,"column":14},"end":{"line":90,"column":18}},"6":{"start":{"line":110,"column":16},"end":{"line":116,"column":20}}},"fnMap":{"0":{"name":"(anonymous_0)","decl":{"start":{"line":3,"column":15},"end":{"line":3,"column":16}},"loc":{"start":{"line":3,"column":21},"end":{"line":124,"column":1}},"line":3},"1":{"name":"(anonymous_1)","decl":{"start":{"line":80,"column":29},"end":{"line":80,"column":30}},"loc":{"start":{"line":81,"column":14},"end":{"line":90,"column":18}},"line":81},"2":{"name":"(anonymous_2)","decl":{"start":{"line":109,"column":85},"end":{"line":109,"column":86}},"loc":{"start":{"line":110,"column":16},"end":{"line":116,"column":20}},"line":110}},"branchMap":{},"s":{"0":0,"1":0,"2":0,"3":0,"4":0,"5":0,"6":0},"f":{"0":0,"1":0,"2":0},"b":{}}
,"C:\\Users\\Diego Cortes\\Desktop\\clothing-stores\\app\\component\\Header.tsx": {"path":"C:\\Users\\Diego Cortes\\Desktop\\clothing-stores\\app\\component\\Header.tsx","statementMap":{"0":{"start":{"line":5,"column":15},"end":{"line":124,"column":1}},"1":{"start":{"line":6,"column":38},"end":{"line":6,"column":53}},"2":{"start":{"line":8,"column":21},"end":{"line":10,"column":3}},"3":{"start":{"line":9,"column":4},"end":{"line":9,"column":31}},"4":{"start":{"line":13,"column":26},"end":{"line":15,"column":3}},"5":{"start":{"line":14,"column":4},"end":{"line":14,"column":25}},"6":{"start":{"line":18,"column":2},"end":{"line":27,"column":9}},"7":{"start":{"line":19,"column":25},"end":{"line":23,"column":5}},"8":{"start":{"line":20,"column":6},"end":{"line":22,"column":7}},"9":{"start":{"line":21,"column":8},"end":{"line":21,"column":29}},"10":{"start":{"line":25,"column":4},"end":{"line":25,"column":52}},"11":{"start":{"line":26,"column":4},"end":{"line":26,"column":68}},"12":{"start":{"line":26,"column":17},"end":{"line":26,"column":67}},"13":{"start":{"line":29,"column":2},"end":{"line":123,"column":4}}},"fnMap":{"0":{"name":"(anonymous_0)","decl":{"start":{"line":5,"column":15},"end":{"line":5,"column":16}},"loc":{"start":{"line":5,"column":21},"end":{"line":124,"column":1}},"line":5},"1":{"name":"(anonymous_1)","decl":{"start":{"line":8,"column":21},"end":{"line":8,"column":22}},"loc":{"start":{"line":8,"column":27},"end":{"line":10,"column":3}},"line":8},"2":{"name":"(anonymous_2)","decl":{"start":{"line":13,"column":26},"end":{"line":13,"column":27}},"loc":{"start":{"line":13,"column":32},"end":{"line":15,"column":3}},"line":13},"3":{"name":"(anonymous_3)","decl":{"start":{"line":18,"column":12},"end":{"line":18,"column":13}},"loc":{"start":{"line":18,"column":18},"end":{"line":27,"column":3}},"line":18},"4":{"name":"(anonymous_4)","decl":{"start":{"line":19,"column":25},"end":{"line":19,"column":26}},"loc":{"start":{"line":19,"column":31},"end":{"line":23,"column":5}},"line":19},"5":{"name":"(anonymous_5)","decl":{"start":{"line":26,"column":11},"end":{"line":26,"column":12}},"loc":{"start":{"line":26,"column":17},"end":{"line":26,"column":67}},"line":26}},"branchMap":{"0":{"loc":{"start":{"line":20,"column":6},"end":{"line":22,"column":7}},"type":"if","locations":[{"start":{"line":20,"column":6},"end":{"line":22,"column":7}},{"start":{},"end":{}}],"line":20},"1":{"loc":{"start":{"line":95,"column":15},"end":{"line":99,"column":15}},"type":"cond-expr","locations":[{"start":{"line":96,"column":16},"end":{"line":96,"column":110}},{"start":{"line":98,"column":16},"end":{"line":98,"column":113}}],"line":95},"2":{"loc":{"start":{"line":106,"column":7},"end":{"line":121,"column":7}},"type":"binary-expr","locations":[{"start":{"line":106,"column":7},"end":{"line":106,"column":17}},{"start":{"line":107,"column":8},"end":{"line":120,"column":14}}],"line":106}},"s":{"0":0,"1":0,"2":0,"3":0,"4":0,"5":0,"6":0,"7":0,"8":0,"9":0,"10":0,"11":0,"12":0,"13":0},"f":{"0":0,"1":0,"2":0,"3":0,"4":0,"5":0},"b":{"0":[0,0],"1":[0,0],"2":[0,0]}}
,"C:\\Users\\Diego Cortes\\Desktop\\clothing-stores\\app\\component\\HeroSelection.tsx": {"path":"C:\\Users\\Diego Cortes\\Desktop\\clothing-stores\\app\\component\\HeroSelection.tsx","statementMap":{"0":{"start":{"line":4,"column":20},"end":{"line":78,"column":1}},"1":{"start":{"line":16,"column":20},"end":{"line":16,"column":35}},"2":{"start":{"line":18,"column":2},"end":{"line":77,"column":4}}},"fnMap":{"0":{"name":"(anonymous_0)","decl":{"start":{"line":4,"column":20},"end":{"line":4,"column":21}},"loc":{"start":{"line":15,"column":6},"end":{"line":78,"column":1}},"line":15}},"branchMap":{"0":{"loc":{"start":{"line":5,"column":2},"end":{"line":5,"column":44}},"type":"default-arg","locations":[{"start":{"line":5,"column":10},"end":{"line":5,"column":44}}],"line":5},"1":{"loc":{"start":{"line":6,"column":2},"end":{"line":6,"column":72}},"type":"default-arg","locations":[{"start":{"line":6,"column":13},"end":{"line":6,"column":72}}],"line":6},"2":{"loc":{"start":{"line":7,"column":2},"end":{"line":7,"column":17}},"type":"default-arg","locations":[{"start":{"line":7,"column":10},"end":{"line":7,"column":17}}],"line":7},"3":{"loc":{"start":{"line":8,"column":2},"end":{"line":8,"column":13}},"type":"default-arg","locations":[{"start":{"line":8,"column":7},"end":{"line":8,"column":13}}],"line":8},"4":{"loc":{"start":{"line":9,"column":2},"end":{"line":13,"column":3}},"type":"default-arg","locations":[{"start":{"line":9,"column":10},"end":{"line":13,"column":3}}],"line":9},"5":{"loc":{"start":{"line":14,"column":2},"end":{"line":14,"column":34}},"type":"default-arg","locations":[{"start":{"line":14,"column":13},"end":{"line":14,"column":34}}],"line":14}},"s":{"0":0,"1":0,"2":0},"f":{"0":0},"b":{"0":[0],"1":[0],"2":[0],"3":[0],"4":[0],"5":[0]}}
,"C:\\Users\\Diego Cortes\\Desktop\\clothing-stores\\app\\component\\Mosaico.tsx": {"path":"C:\\Users\\Diego Cortes\\Desktop\\clothing-stores\\app\\component\\Mosaico.tsx","statementMap":{"0":{"start":{"line":1,"column":16},"end":{"line":113,"column":1}},"1":{"start":{"line":2,"column":2},"end":{"line":112,"column":4}}},"fnMap":{"0":{"name":"(anonymous_0)","decl":{"start":{"line":1,"column":16},"end":{"line":1,"column":17}},"loc":{"start":{"line":1,"column":22},"end":{"line":113,"column":1}},"line":1}},"branchMap":{},"s":{"0":0,"1":0},"f":{"0":0},"b":{}}
,"C:\\Users\\Diego Cortes\\Desktop\\clothing-stores\\app\\component\\ProductList.tsx": {"path":"C:\\Users\\Diego Cortes\\Desktop\\clothing-stores\\app\\component\\ProductList.tsx","statementMap":{"0":{"start":{"line":18,"column":46},"end":{"line":18,"column":75}},"1":{"start":{"line":19,"column":48},"end":{"line":19,"column":79}},"2":{"start":{"line":20,"column":42},"end":{"line":20,"column":81}},"3":{"start":{"line":21,"column":60},"end":{"line":21,"column":94}},"4":{"start":{"line":22,"column":46},"end":{"line":22,"column":61}},"5":{"start":{"line":24,"column":21},"end":{"line":27,"column":17}},"6":{"start":{"line":25,"column":17},"end":{"line":25,"column":76}},"7":{"start":{"line":25,"column":55},"end":{"line":25,"column":73}},"8":{"start":{"line":26,"column":4},"end":{"line":26,"column":30}},"9":{"start":{"line":29,"column":39},"end":{"line":58,"column":54}},"10":{"start":{"line":30,"column":29},"end":{"line":30,"column":38}},"11":{"start":{"line":33,"column":4},"end":{"line":37,"column":5}},"12":{"start":{"line":34,"column":6},"end":{"line":36,"column":8}},"13":{"start":{"line":35,"column":20},"end":{"line":35,"column":64}},"14":{"start":{"line":39,"column":4},"end":{"line":57,"column":7}},"15":{"start":{"line":40,"column":6},"end":{"line":56,"column":7}},"16":{"start":{"line":42,"column":10},"end":{"line":42,"column":50}},"17":{"start":{"line":45,"column":10},"end":{"line":45,"column":37}},"18":{"start":{"line":48,"column":10},"end":{"line":48,"column":37}},"19":{"start":{"line":51,"column":10},"end":{"line":51,"column":49}},"20":{"start":{"line":55,"column":10},"end":{"line":55,"column":29}},"21":{"start":{"line":60,"column":2},"end":{"line":68,"column":3}},"22":{"start":{"line":61,"column":4},"end":{"line":67,"column":6}},"23":{"start":{"line":69,"column":2},"end":{"line":69,"column":78}},"24":{"start":{"line":70,"column":2},"end":{"line":218,"column":4}},"25":{"start":{"line":88,"column":29},"end":{"line":88,"column":63}},"26":{"start":{"line":107,"column":33},"end":{"line":107,"column":73}},"27":{"start":{"line":111,"column":18},"end":{"line":113,"column":27}},"28":{"start":{"line":123,"column":20},"end":{"line":123,"column":54}},"29":{"start":{"line":124,"column":20},"end":{"line":124,"column":53}},"30":{"start":{"line":142,"column":33},"end":{"line":142,"column":80}},"31":{"start":{"line":160,"column":33},"end":{"line":165,"column":13}},"32":{"start":{"line":161,"column":14},"end":{"line":161,"column":72}},"33":{"start":{"line":161,"column":35},"end":{"line":161,"column":72}},"34":{"start":{"line":162,"column":14},"end":{"line":162,"column":58}},"35":{"start":{"line":162,"column":35},"end":{"line":162,"column":58}},"36":{"start":{"line":163,"column":14},"end":{"line":163,"column":58}},"37":{"start":{"line":163,"column":35},"end":{"line":163,"column":58}},"38":{"start":{"line":164,"column":14},"end":{"line":164,"column":24}},"39":{"start":{"line":167,"column":12},"end":{"line":209,"column":14}},"40":{"start":{"line":171,"column":36},"end":{"line":171,"column":65}},"41":{"start":{"line":172,"column":36},"end":{"line":172,"column":59}},"42":{"start":{"line":173,"column":31},"end":{"line":173,"column":58}},"43":{"start":{"line":214,"column":63},"end":{"line":214,"column":87}},"44":{"start":{"line":223,"column":2},"end":{"line":236,"column":4}},"45":{"start":{"line":226,"column":8},"end":{"line":233,"column":14}}},"fnMap":{"0":{"name":"ProductList","decl":{"start":{"line":17,"column":24},"end":{"line":17,"column":35}},"loc":{"start":{"line":17,"column":200},"end":{"line":219,"column":1}},"line":17},"1":{"name":"(anonymous_1)","decl":{"start":{"line":24,"column":29},"end":{"line":24,"column":30}},"loc":{"start":{"line":24,"column":35},"end":{"line":27,"column":3}},"line":24},"2":{"name":"(anonymous_2)","decl":{"start":{"line":25,"column":43},"end":{"line":25,"column":44}},"loc":{"start":{"line":25,"column":55},"end":{"line":25,"column":73}},"line":25},"3":{"name":"(anonymous_3)","decl":{"start":{"line":29,"column":47},"end":{"line":29,"column":48}},"loc":{"start":{"line":29,"column":53},"end":{"line":58,"column":3}},"line":29},"4":{"name":"(anonymous_4)","decl":{"start":{"line":35,"column":8},"end":{"line":35,"column":9}},"loc":{"start":{"line":35,"column":20},"end":{"line":35,"column":64}},"line":35},"5":{"name":"(anonymous_5)","decl":{"start":{"line":39,"column":35},"end":{"line":39,"column":36}},"loc":{"start":{"line":39,"column":45},"end":{"line":57,"column":5}},"line":39},"6":{"name":"(anonymous_6)","decl":{"start":{"line":88,"column":23},"end":{"line":88,"column":24}},"loc":{"start":{"line":88,"column":29},"end":{"line":88,"column":63}},"line":88},"7":{"name":"(anonymous_7)","decl":{"start":{"line":107,"column":26},"end":{"line":107,"column":27}},"loc":{"start":{"line":107,"column":33},"end":{"line":107,"column":73}},"line":107},"8":{"name":"(anonymous_8)","decl":{"start":{"line":110,"column":32},"end":{"line":110,"column":33}},"loc":{"start":{"line":111,"column":18},"end":{"line":113,"column":27}},"line":111},"9":{"name":"(anonymous_9)","decl":{"start":{"line":122,"column":27},"end":{"line":122,"column":28}},"loc":{"start":{"line":122,"column":33},"end":{"line":125,"column":19}},"line":122},"10":{"name":"(anonymous_10)","decl":{"start":{"line":142,"column":26},"end":{"line":142,"column":27}},"loc":{"start":{"line":142,"column":33},"end":{"line":142,"column":80}},"line":142},"11":{"name":"(anonymous_11)","decl":{"start":{"line":158,"column":44},"end":{"line":158,"column":45}},"loc":{"start":{"line":158,"column":64},"end":{"line":210,"column":11}},"line":158},"12":{"name":"(anonymous_12)","decl":{"start":{"line":160,"column":33},"end":{"line":160,"column":34}},"loc":{"start":{"line":160,"column":39},"end":{"line":165,"column":13}},"line":160},"13":{"name":"(anonymous_13)","decl":{"start":{"line":171,"column":30},"end":{"line":171,"column":31}},"loc":{"start":{"line":171,"column":36},"end":{"line":171,"column":65}},"line":171},"14":{"name":"(anonymous_14)","decl":{"start":{"line":172,"column":30},"end":{"line":172,"column":31}},"loc":{"start":{"line":172,"column":36},"end":{"line":172,"column":59}},"line":172},"15":{"name":"(anonymous_15)","decl":{"start":{"line":173,"column":25},"end":{"line":173,"column":26}},"loc":{"start":{"line":173,"column":31},"end":{"line":173,"column":58}},"line":173},"16":{"name":"(anonymous_16)","decl":{"start":{"line":214,"column":57},"end":{"line":214,"column":58}},"loc":{"start":{"line":214,"column":63},"end":{"line":214,"column":87}},"line":214},"17":{"name":"StarRating","decl":{"start":{"line":222,"column":9},"end":{"line":222,"column":19}},"loc":{"start":{"line":222,"column":52},"end":{"line":237,"column":1}},"line":222},"18":{"name":"(anonymous_18)","decl":{"start":{"line":225,"column":25},"end":{"line":225,"column":26}},"loc":{"start":{"line":226,"column":8},"end":{"line":233,"column":14}},"line":226}},"branchMap":{"0":{"loc":{"start":{"line":17,"column":49},"end":{"line":17,"column":79}},"type":"default-arg","locations":[{"start":{"line":17,"column":58},"end":{"line":17,"column":79}}],"line":17},"1":{"loc":{"start":{"line":17,"column":81},"end":{"line":17,"column":178}},"type":"default-arg","locations":[{"start":{"line":17,"column":93},"end":{"line":17,"column":178}}],"line":17},"2":{"loc":{"start":{"line":33,"column":4},"end":{"line":37,"column":5}},"type":"if","locations":[{"start":{"line":33,"column":4},"end":{"line":37,"column":5}},{"start":{},"end":{}}],"line":33},"3":{"loc":{"start":{"line":40,"column":6},"end":{"line":56,"column":7}},"type":"switch","locations":[{"start":{"line":41,"column":8},"end":{"line":42,"column":50}},{"start":{"line":44,"column":8},"end":{"line":45,"column":37}},{"start":{"line":47,"column":8},"end":{"line":48,"column":37}},{"start":{"line":50,"column":8},"end":{"line":51,"column":49}},{"start":{"line":53,"column":8},"end":{"line":53,"column":29}},{"start":{"line":54,"column":8},"end":{"line":55,"column":29}}],"line":40},"4":{"loc":{"start":{"line":60,"column":2},"end":{"line":68,"column":3}},"type":"if","locations":[{"start":{"line":60,"column":2},"end":{"line":68,"column":3}},{"start":{},"end":{}}],"line":60},"5":{"loc":{"start":{"line":60,"column":6},"end":{"line":60,"column":42}},"type":"binary-expr","locations":[{"start":{"line":60,"column":6},"end":{"line":60,"column":16}},{"start":{"line":60,"column":20},"end":{"line":60,"column":42}}],"line":60},"6":{"loc":{"start":{"line":98,"column":29},"end":{"line":98,"column":64}},"type":"cond-expr","locations":[{"start":{"line":98,"column":46},"end":{"line":98,"column":53}},{"start":{"line":98,"column":56},"end":{"line":98,"column":64}}],"line":98},"7":{"loc":{"start":{"line":112,"column":21},"end":{"line":112,"column":79}},"type":"cond-expr","locations":[{"start":{"line":112,"column":45},"end":{"line":112,"column":67}},{"start":{"line":112,"column":70},"end":{"line":112,"column":79}}],"line":112},"8":{"loc":{"start":{"line":120,"column":15},"end":{"line":130,"column":15}},"type":"binary-expr","locations":[{"start":{"line":120,"column":16},"end":{"line":120,"column":49}},{"start":{"line":120,"column":53},"end":{"line":120,"column":85}},{"start":{"line":121,"column":16},"end":{"line":129,"column":25}}],"line":120},"9":{"loc":{"start":{"line":161,"column":14},"end":{"line":161,"column":72}},"type":"if","locations":[{"start":{"line":161,"column":14},"end":{"line":161,"column":72}},{"start":{},"end":{}}],"line":161},"10":{"loc":{"start":{"line":162,"column":14},"end":{"line":162,"column":58}},"type":"if","locations":[{"start":{"line":162,"column":14},"end":{"line":162,"column":58}},{"start":{},"end":{}}],"line":162},"11":{"loc":{"start":{"line":163,"column":14},"end":{"line":163,"column":58}},"type":"if","locations":[{"start":{"line":163,"column":14},"end":{"line":163,"column":58}},{"start":{},"end":{}}],"line":163},"12":{"loc":{"start":{"line":180,"column":29},"end":{"line":180,"column":66}},"type":"cond-expr","locations":[{"start":{"line":180,"column":61},"end":{"line":180,"column":62}},{"start":{"line":180,"column":65},"end":{"line":180,"column":66}}],"line":180},"13":{"loc":{"start":{"line":188,"column":44},"end":{"line":188,"column":86}},"type":"binary-expr","locations":[{"start":{"line":188,"column":44},"end":{"line":188,"column":68}},{"start":{"line":188,"column":72},"end":{"line":188,"column":86}}],"line":188},"14":{"loc":{"start":{"line":189,"column":29},"end":{"line":189,"column":66}},"type":"cond-expr","locations":[{"start":{"line":189,"column":61},"end":{"line":189,"column":62}},{"start":{"line":189,"column":65},"end":{"line":189,"column":66}}],"line":189},"15":{"loc":{"start":{"line":206,"column":96},"end":{"line":206,"column":155}},"type":"cond-expr","locations":[{"start":{"line":206,"column":128},"end":{"line":206,"column":141}},{"start":{"line":206,"column":144},"end":{"line":206,"column":155}}],"line":206},"16":{"loc":{"start":{"line":228,"column":32},"end":{"line":228,"column":80}},"type":"cond-expr","locations":[{"start":{"line":228,"column":45},"end":{"line":228,"column":62}},{"start":{"line":228,"column":65},"end":{"line":228,"column":80}}],"line":228}},"s":{"0":0,"1":0,"2":0,"3":0,"4":0,"5":0,"6":0,"7":0,"8":0,"9":0,"10":0,"11":0,"12":0,"13":0,"14":0,"15":0,"16":0,"17":0,"18":0,"19":0,"20":0,"21":0,"22":0,"23":0,"24":0,"25":0,"26":0,"27":0,"28":0,"29":0,"30":0,"31":0,"32":0,"33":0,"34":0,"35":0,"36":0,"37":0,"38":0,"39":0,"40":0,"41":0,"42":0,"43":0,"44":0,"45":0},"f":{"0":0,"1":0,"2":0,"3":0,"4":0,"5":0,"6":0,"7":0,"8":0,"9":0,"10":0,"11":0,"12":0,"13":0,"14":0,"15":0,"16":0,"17":0,"18":0},"b":{"0":[0],"1":[0],"2":[0,0],"3":[0,0,0,0,0,0],"4":[0,0],"5":[0,0],"6":[0,0],"7":[0,0],"8":[0,0,0],"9":[0,0],"10":[0,0],"11":[0,0],"12":[0,0],"13":[0,0],"14":[0,0],"15":[0,0],"16":[0,0]}}
,"C:\\Users\\Diego Cortes\\Desktop\\clothing-stores\\app\\component\\ProductModal.tsx": {"path":"C:\\Users\\Diego Cortes\\Desktop\\clothing-stores\\app\\component\\ProductModal.tsx","statementMap":{"0":{"start":{"line":10,"column":50},"end":{"line":135,"column":1}},"1":{"start":{"line":11,"column":22},"end":{"line":11,"column":31}},"2":{"start":{"line":12,"column":42},"end":{"line":12,"column":63}},"3":{"start":{"line":13,"column":44},"end":{"line":13,"column":64}},"4":{"start":{"line":15,"column":26},"end":{"line":25,"column":3}},"5":{"start":{"line":16,"column":4},"end":{"line":16,"column":25}},"6":{"start":{"line":16,"column":18},"end":{"line":16,"column":25}},"7":{"start":{"line":18,"column":4},"end":{"line":21,"column":7}},"8":{"start":{"line":23,"column":4},"end":{"line":23,"column":48}},"9":{"start":{"line":24,"column":4},"end":{"line":24,"column":14}},"10":{"start":{"line":27,"column":2},"end":{"line":27,"column":28}},"11":{"start":{"line":27,"column":16},"end":{"line":27,"column":28}},"12":{"start":{"line":29,"column":2},"end":{"line":134,"column":4}},"13":{"start":{"line":74,"column":18},"end":{"line":84,"column":27}},"14":{"start":{"line":76,"column":35},"end":{"line":76,"column":57}},"15":{"start":{"line":95,"column":20},"end":{"line":105,"column":29}},"16":{"start":{"line":97,"column":37},"end":{"line":97,"column":60}}},"fnMap":{"0":{"name":"(anonymous_0)","decl":{"start":{"line":10,"column":50},"end":{"line":10,"column":51}},"loc":{"start":{"line":10,"column":76},"end":{"line":135,"column":1}},"line":10},"1":{"name":"(anonymous_1)","decl":{"start":{"line":15,"column":26},"end":{"line":15,"column":27}},"loc":{"start":{"line":15,"column":32},"end":{"line":25,"column":3}},"line":15},"2":{"name":"(anonymous_2)","decl":{"start":{"line":73,"column":49},"end":{"line":73,"column":50}},"loc":{"start":{"line":74,"column":18},"end":{"line":84,"column":27}},"line":74},"3":{"name":"(anonymous_3)","decl":{"start":{"line":76,"column":29},"end":{"line":76,"column":30}},"loc":{"start":{"line":76,"column":35},"end":{"line":76,"column":57}},"line":76},"4":{"name":"(anonymous_4)","decl":{"start":{"line":94,"column":85},"end":{"line":94,"column":86}},"loc":{"start":{"line":95,"column":20},"end":{"line":105,"column":29}},"line":95},"5":{"name":"(anonymous_5)","decl":{"start":{"line":97,"column":31},"end":{"line":97,"column":32}},"loc":{"start":{"line":97,"column":37},"end":{"line":97,"column":60}},"line":97}},"branchMap":{"0":{"loc":{"start":{"line":16,"column":4},"end":{"line":16,"column":25}},"type":"if","locations":[{"start":{"line":16,"column":4},"end":{"line":16,"column":25}},{"start":{},"end":{}}],"line":16},"1":{"loc":{"start":{"line":27,"column":2},"end":{"line":27,"column":28}},"type":"if","locations":[{"start":{"line":27,"column":2},"end":{"line":27,"column":28}},{"start":{},"end":{}}],"line":27},"2":{"loc":{"start":{"line":40,"column":13},"end":{"line":46,"column":13}},"type":"binary-expr","locations":[{"start":{"line":40,"column":13},"end":{"line":40,"column":37}},{"start":{"line":41,"column":14},"end":{"line":45,"column":16}}],"line":40},"3":{"loc":{"start":{"line":78,"column":22},"end":{"line":80,"column":65}},"type":"cond-expr","locations":[{"start":{"line":79,"column":26},"end":{"line":79,"column":66}},{"start":{"line":80,"column":26},"end":{"line":80,"column":65}}],"line":78},"4":{"loc":{"start":{"line":90,"column":13},"end":{"line":109,"column":13}},"type":"binary-expr","locations":[{"start":{"line":90,"column":13},"end":{"line":90,"column":32}},{"start":{"line":91,"column":14},"end":{"line":108,"column":20}}],"line":90},"5":{"loc":{"start":{"line":99,"column":24},"end":{"line":101,"column":67}},"type":"cond-expr","locations":[{"start":{"line":100,"column":28},"end":{"line":100,"column":68}},{"start":{"line":101,"column":28},"end":{"line":101,"column":67}}],"line":99}},"s":{"0":0,"1":0,"2":0,"3":0,"4":0,"5":0,"6":0,"7":0,"8":0,"9":0,"10":0,"11":0,"12":0,"13":0,"14":0,"15":0,"16":0},"f":{"0":0,"1":0,"2":0,"3":0,"4":0,"5":0},"b":{"0":[0,0],"1":[0,0],"2":[0,0],"3":[0,0],"4":[0,0],"5":[0,0]}}
,"C:\\Users\\Diego Cortes\\Desktop\\clothing-stores\\app\\component\\login.tsx": {"path":"C:\\Users\\Diego Cortes\\Desktop\\clothing-stores\\app\\component\\login.tsx","statementMap":{"0":{"start":{"line":9,"column":26},"end":{"line":9,"column":46}},"1":{"start":{"line":10,"column":32},"end":{"line":10,"column":52}},"2":{"start":{"line":11,"column":26},"end":{"line":11,"column":46}},"3":{"start":{"line":12,"column":30},"end":{"line":12,"column":54}},"4":{"start":{"line":13,"column":17},"end":{"line":13,"column":30}},"5":{"start":{"line":14,"column":36},"end":{"line":14,"column":60}},"6":{"start":{"line":17,"column":21},"end":{"line":39,"column":1}},"7":{"start":{"line":18,"column":2},"end":{"line":18,"column":21}},"8":{"start":{"line":20,"column":2},"end":{"line":23,"column":3}},"9":{"start":{"line":21,"column":4},"end":{"line":21,"column":58}},"10":{"start":{"line":22,"column":4},"end":{"line":22,"column":11}},"11":{"start":{"line":25,"column":2},"end":{"line":28,"column":3}},"12":{"start":{"line":26,"column":4},"end":{"line":26,"column":43}},"13":{"start":{"line":27,"column":4},"end":{"line":27,"column":11}},"14":{"start":{"line":30,"column":2},"end":{"line":30,"column":15}},"15":{"start":{"line":31,"column":2},"end":{"line":31,"column":19}},"16":{"start":{"line":34,"column":2},"end":{"line":38,"column":11}},"17":{"start":{"line":35,"column":4},"end":{"line":35,"column":22}},"18":{"start":{"line":36,"column":4},"end":{"line":36,"column":51}},"19":{"start":{"line":37,"column":4},"end":{"line":37,"column":18}},"20":{"start":{"line":42,"column":2},"end":{"line":170,"column":4}},"21":{"start":{"line":58,"column":16},"end":{"line":58,"column":35}},"22":{"start":{"line":59,"column":16},"end":{"line":59,"column":58}},"23":{"start":{"line":60,"column":16},"end":{"line":60,"column":37}},"24":{"start":{"line":67,"column":33},"end":{"line":67,"column":57}},"25":{"start":{"line":80,"column":31},"end":{"line":80,"column":51}},"26":{"start":{"line":117,"column":37},"end":{"line":117,"column":61}},"27":{"start":{"line":134,"column":37},"end":{"line":134,"column":56}},"28":{"start":{"line":149,"column":37},"end":{"line":149,"column":64}}},"fnMap":{"0":{"name":"Login","decl":{"start":{"line":7,"column":24},"end":{"line":7,"column":29}},"loc":{"start":{"line":7,"column":32},"end":{"line":171,"column":1}},"line":7},"1":{"name":"(anonymous_1)","decl":{"start":{"line":17,"column":21},"end":{"line":17,"column":22}},"loc":{"start":{"line":17,"column":62},"end":{"line":39,"column":1}},"line":17},"2":{"name":"(anonymous_2)","decl":{"start":{"line":34,"column":13},"end":{"line":34,"column":14}},"loc":{"start":{"line":34,"column":19},"end":{"line":38,"column":3}},"line":34},"3":{"name":"(anonymous_3)","decl":{"start":{"line":57,"column":24},"end":{"line":57,"column":25}},"loc":{"start":{"line":57,"column":31},"end":{"line":61,"column":15}},"line":57},"4":{"name":"(anonymous_4)","decl":{"start":{"line":67,"column":26},"end":{"line":67,"column":27}},"loc":{"start":{"line":67,"column":33},"end":{"line":67,"column":57}},"line":67},"5":{"name":"(anonymous_5)","decl":{"start":{"line":80,"column":25},"end":{"line":80,"column":26}},"loc":{"start":{"line":80,"column":31},"end":{"line":80,"column":51}},"line":80},"6":{"name":"(anonymous_6)","decl":{"start":{"line":117,"column":30},"end":{"line":117,"column":31}},"loc":{"start":{"line":117,"column":37},"end":{"line":117,"column":61}},"line":117},"7":{"name":"(anonymous_7)","decl":{"start":{"line":134,"column":31},"end":{"line":134,"column":32}},"loc":{"start":{"line":134,"column":37},"end":{"line":134,"column":56}},"line":134},"8":{"name":"(anonymous_8)","decl":{"start":{"line":149,"column":30},"end":{"line":149,"column":31}},"loc":{"start":{"line":149,"column":37},"end":{"line":149,"column":64}},"line":149}},"branchMap":{"0":{"loc":{"start":{"line":20,"column":2},"end":{"line":23,"column":3}},"type":"if","locations":[{"start":{"line":20,"column":2},"end":{"line":23,"column":3}},{"start":{},"end":{}}],"line":20},"1":{"loc":{"start":{"line":20,"column":6},"end":{"line":20,"column":25}},"type":"binary-expr","locations":[{"start":{"line":20,"column":6},"end":{"line":20,"column":12}},{"start":{"line":20,"column":16},"end":{"line":20,"column":25}}],"line":20},"2":{"loc":{"start":{"line":25,"column":2},"end":{"line":28,"column":3}},"type":"if","locations":[{"start":{"line":25,"column":2},"end":{"line":28,"column":3}},{"start":{},"end":{}}],"line":25},"3":{"loc":{"start":{"line":44,"column":7},"end":{"line":168,"column":7}},"type":"cond-expr","locations":[{"start":{"line":46,"column":8},"end":{"line":87,"column":14}},{"start":{"line":90,"column":8},"end":{"line":167,"column":14}}],"line":44},"4":{"loc":{"start":{"line":155,"column":15},"end":{"line":155,"column":71}},"type":"binary-expr","locations":[{"start":{"line":155,"column":15},"end":{"line":155,"column":20}},{"start":{"line":155,"column":24},"end":{"line":155,"column":71}}],"line":155},"5":{"loc":{"start":{"line":162,"column":19},"end":{"line":162,"column":56}},"type":"cond-expr","locations":[{"start":{"line":162,"column":29},"end":{"line":162,"column":44}},{"start":{"line":162,"column":47},"end":{"line":162,"column":56}}],"line":162}},"s":{"0":0,"1":0,"2":0,"3":0,"4":0,"5":0,"6":0,"7":0,"8":0,"9":0,"10":0,"11":0,"12":0,"13":0,"14":0,"15":0,"16":0,"17":0,"18":0,"19":0,"20":0,"21":0,"22":0,"23":0,"24":0,"25":0,"26":0,"27":0,"28":0},"f":{"0":0,"1":0,"2":0,"3":0,"4":0,"5":0,"6":0,"7":0,"8":0},"b":{"0":[0,0],"1":[0,0],"2":[0,0],"3":[0,0],"4":[0,0],"5":[0,0]}}
,"C:\\Users\\Diego Cortes\\Desktop\\clothing-stores\\app\\hooks\\getProductosLocalStorage.ts": {"path":"C:\\Users\\Diego Cortes\\Desktop\\clothing-stores\\app\\hooks\\getProductosLocalStorage.ts","statementMap":{"0":{"start":{"line":6,"column":36},"end":{"line":6,"column":60}},"1":{"start":{"line":8,"column":2},"end":{"line":21,"column":9}},"2":{"start":{"line":10,"column":4},"end":{"line":20,"column":5}},"3":{"start":{"line":11,"column":33},"end":{"line":11,"column":77}},"4":{"start":{"line":13,"column":6},"end":{"line":19,"column":7}},"5":{"start":{"line":14,"column":8},"end":{"line":18,"column":9}},"6":{"start":{"line":15,"column":10},"end":{"line":15,"column":55}},"7":{"start":{"line":17,"column":10},"end":{"line":17,"column":77}},"8":{"start":{"line":23,"column":2},"end":{"line":23,"column":19}}},"fnMap":{"0":{"name":"useProductosLocalStorage","decl":{"start":{"line":5,"column":16},"end":{"line":5,"column":40}},"loc":{"start":{"line":5,"column":55},"end":{"line":24,"column":1}},"line":5},"1":{"name":"(anonymous_1)","decl":{"start":{"line":8,"column":12},"end":{"line":8,"column":13}},"loc":{"start":{"line":8,"column":18},"end":{"line":21,"column":3}},"line":8}},"branchMap":{"0":{"loc":{"start":{"line":10,"column":4},"end":{"line":20,"column":5}},"type":"if","locations":[{"start":{"line":10,"column":4},"end":{"line":20,"column":5}},{"start":{},"end":{}}],"line":10},"1":{"loc":{"start":{"line":13,"column":6},"end":{"line":19,"column":7}},"type":"if","locations":[{"start":{"line":13,"column":6},"end":{"line":19,"column":7}},{"start":{},"end":{}}],"line":13}},"s":{"0":0,"1":0,"2":0,"3":0,"4":0,"5":0,"6":0,"7":0,"8":0},"f":{"0":0,"1":0},"b":{"0":[0,0],"1":[0,0]}}
,"C:\\Users\\Diego Cortes\\Desktop\\clothing-stores\\app\\hooks\\useCart.ts": {"path":"C:\\Users\\Diego Cortes\\Desktop\\clothing-stores\\app\\hooks\\useCart.ts","statementMap":{"0":{"start":{"line":11,"column":23},"end":{"line":40,"column":1}},"1":{"start":{"line":12,"column":36},"end":{"line":12,"column":68}},"2":{"start":{"line":13,"column":38},"end":{"line":13,"column":75}},"3":{"start":{"line":14,"column":38},"end":{"line":14,"column":75}},"4":{"start":{"line":16,"column":2},"end":{"line":24,"column":9}},"5":{"start":{"line":17,"column":24},"end":{"line":21,"column":6}},"6":{"start":{"line":18,"column":6},"end":{"line":18,"column":31}},"7":{"start":{"line":19,"column":6},"end":{"line":19,"column":49}},"8":{"start":{"line":20,"column":6},"end":{"line":20,"column":49}},"9":{"start":{"line":23,"column":4},"end":{"line":23,"column":23}},"10":{"start":{"line":26,"column":2},"end":{"line":39,"column":4}},"11":{"start":{"line":30,"column":59},"end":{"line":30,"column":96}},"12":{"start":{"line":31,"column":45},"end":{"line":31,"column":75}},"13":{"start":{"line":33,"column":6},"end":{"line":33,"column":50}},"14":{"start":{"line":34,"column":52},"end":{"line":34,"column":89}},"15":{"start":{"line":35,"column":52},"end":{"line":35,"column":89}},"16":{"start":{"line":36,"column":21},"end":{"line":36,"column":40}},"17":{"start":{"line":38,"column":6},"end":{"line":38,"column":50}}},"fnMap":{"0":{"name":"(anonymous_0)","decl":{"start":{"line":11,"column":23},"end":{"line":11,"column":24}},"loc":{"start":{"line":11,"column":29},"end":{"line":40,"column":1}},"line":11},"1":{"name":"(anonymous_1)","decl":{"start":{"line":16,"column":12},"end":{"line":16,"column":13}},"loc":{"start":{"line":16,"column":18},"end":{"line":24,"column":3}},"line":16},"2":{"name":"(anonymous_2)","decl":{"start":{"line":17,"column":46},"end":{"line":17,"column":47}},"loc":{"start":{"line":17,"column":57},"end":{"line":21,"column":5}},"line":17},"3":{"name":"(anonymous_3)","decl":{"start":{"line":30,"column":13},"end":{"line":30,"column":14}},"loc":{"start":{"line":30,"column":59},"end":{"line":30,"column":96}},"line":30},"4":{"name":"(anonymous_4)","decl":{"start":{"line":31,"column":16},"end":{"line":31,"column":17}},"loc":{"start":{"line":31,"column":45},"end":{"line":31,"column":75}},"line":31},"5":{"name":"(anonymous_5)","decl":{"start":{"line":32,"column":20},"end":{"line":32,"column":21}},"loc":{"start":{"line":33,"column":6},"end":{"line":33,"column":50}},"line":33},"6":{"name":"(anonymous_6)","decl":{"start":{"line":34,"column":23},"end":{"line":34,"column":24}},"loc":{"start":{"line":34,"column":52},"end":{"line":34,"column":89}},"line":34},"7":{"name":"(anonymous_7)","decl":{"start":{"line":35,"column":23},"end":{"line":35,"column":24}},"loc":{"start":{"line":35,"column":52},"end":{"line":35,"column":89}},"line":35},"8":{"name":"(anonymous_8)","decl":{"start":{"line":36,"column":15},"end":{"line":36,"column":16}},"loc":{"start":{"line":36,"column":21},"end":{"line":36,"column":40}},"line":36},"9":{"name":"(anonymous_9)","decl":{"start":{"line":37,"column":14},"end":{"line":37,"column":15}},"loc":{"start":{"line":38,"column":6},"end":{"line":38,"column":50}},"line":38}},"branchMap":{},"s":{"0":0,"1":0,"2":0,"3":0,"4":0,"5":0,"6":0,"7":0,"8":0,"9":0,"10":0,"11":0,"12":0,"13":0,"14":0,"15":0,"16":0,"17":0},"f":{"0":0,"1":0,"2":0,"3":0,"4":0,"5":0,"6":0,"7":0,"8":0,"9":0},"b":{}}
,"C:\\Users\\Diego Cortes\\Desktop\\clothing-stores\\app\\hooks\\useLocalStorage.ts": {"path":"C:\\Users\\Diego Cortes\\Desktop\\clothing-stores\\app\\hooks\\useLocalStorage.ts","statementMap":{"0":{"start":{"line":5,"column":40},"end":{"line":18,"column":4}},"1":{"start":{"line":7,"column":4},"end":{"line":9,"column":5}},"2":{"start":{"line":8,"column":6},"end":{"line":8,"column":26}},"3":{"start":{"line":11,"column":4},"end":{"line":17,"column":5}},"4":{"start":{"line":12,"column":19},"end":{"line":12,"column":51}},"5":{"start":{"line":13,"column":6},"end":{"line":13,"column":52}},"6":{"start":{"line":15,"column":6},"end":{"line":15,"column":69}},"7":{"start":{"line":16,"column":6},"end":{"line":16,"column":26}},"8":{"start":{"line":20,"column":34},"end":{"line":20,"column":49}},"9":{"start":{"line":23,"column":2},"end":{"line":46,"column":12}},"10":{"start":{"line":24,"column":4},"end":{"line":24,"column":46}},"11":{"start":{"line":24,"column":39},"end":{"line":24,"column":46}},"12":{"start":{"line":26,"column":32},"end":{"line":35,"column":5}},"13":{"start":{"line":27,"column":6},"end":{"line":34,"column":7}},"14":{"start":{"line":28,"column":21},"end":{"line":28,"column":53}},"15":{"start":{"line":29,"column":8},"end":{"line":31,"column":9}},"16":{"start":{"line":30,"column":10},"end":{"line":30,"column":43}},"17":{"start":{"line":33,"column":8},"end":{"line":33,"column":27}},"18":{"start":{"line":38,"column":4},"end":{"line":38,"column":22}},"19":{"start":{"line":41,"column":4},"end":{"line":41,"column":60}},"20":{"start":{"line":43,"column":4},"end":{"line":45,"column":6}},"21":{"start":{"line":44,"column":6},"end":{"line":44,"column":65}},"22":{"start":{"line":48,"column":19},"end":{"line":59,"column":3}},"23":{"start":{"line":49,"column":4},"end":{"line":58,"column":5}},"24":{"start":{"line":50,"column":27},"end":{"line":50,"column":81}},"25":{"start":{"line":51,"column":6},"end":{"line":51,"column":35}},"26":{"start":{"line":53,"column":6},"end":{"line":55,"column":7}},"27":{"start":{"line":54,"column":8},"end":{"line":54,"column":71}},"28":{"start":{"line":57,"column":6},"end":{"line":57,"column":25}},"29":{"start":{"line":61,"column":2},"end":{"line":61,"column":52}}},"fnMap":{"0":{"name":"useLocalStorage","decl":{"start":{"line":4,"column":16},"end":{"line":4,"column":31}},"loc":{"start":{"line":4,"column":65},"end":{"line":62,"column":1}},"line":4},"1":{"name":"(anonymous_1)","decl":{"start":{"line":5,"column":52},"end":{"line":5,"column":53}},"loc":{"start":{"line":5,"column":58},"end":{"line":18,"column":3}},"line":5},"2":{"name":"(anonymous_2)","decl":{"start":{"line":23,"column":12},"end":{"line":23,"column":13}},"loc":{"start":{"line":23,"column":18},"end":{"line":46,"column":3}},"line":23},"3":{"name":"(anonymous_3)","decl":{"start":{"line":26,"column":32},"end":{"line":26,"column":33}},"loc":{"start":{"line":26,"column":38},"end":{"line":35,"column":5}},"line":26},"4":{"name":"(anonymous_4)","decl":{"start":{"line":43,"column":11},"end":{"line":43,"column":12}},"loc":{"start":{"line":43,"column":17},"end":{"line":45,"column":5}},"line":43},"5":{"name":"(anonymous_5)","decl":{"start":{"line":48,"column":19},"end":{"line":48,"column":20}},"loc":{"start":{"line":48,"column":51},"end":{"line":59,"column":3}},"line":48}},"branchMap":{"0":{"loc":{"start":{"line":7,"column":4},"end":{"line":9,"column":5}},"type":"if","locations":[{"start":{"line":7,"column":4},"end":{"line":9,"column":5}},{"start":{},"end":{}}],"line":7},"1":{"loc":{"start":{"line":13,"column":13},"end":{"line":13,"column":51}},"type":"cond-expr","locations":[{"start":{"line":13,"column":20},"end":{"line":13,"column":36}},{"start":{"line":13,"column":39},"end":{"line":13,"column":51}}],"line":13},"2":{"loc":{"start":{"line":24,"column":4},"end":{"line":24,"column":46}},"type":"if","locations":[{"start":{"line":24,"column":4},"end":{"line":24,"column":46}},{"start":{},"end":{}}],"line":24},"3":{"loc":{"start":{"line":29,"column":8},"end":{"line":31,"column":9}},"type":"if","locations":[{"start":{"line":29,"column":8},"end":{"line":31,"column":9}},{"start":{},"end":{}}],"line":29},"4":{"loc":{"start":{"line":50,"column":27},"end":{"line":50,"column":81}},"type":"cond-expr","locations":[{"start":{"line":50,"column":55},"end":{"line":50,"column":73}},{"start":{"line":50,"column":76},"end":{"line":50,"column":81}}],"line":50},"5":{"loc":{"start":{"line":53,"column":6},"end":{"line":55,"column":7}},"type":"if","locations":[{"start":{"line":53,"column":6},"end":{"line":55,"column":7}},{"start":{},"end":{}}],"line":53}},"s":{"0":0,"1":0,"2":0,"3":0,"4":0,"5":0,"6":0,"7":0,"8":0,"9":0,"10":0,"11":0,"12":0,"13":0,"14":0,"15":0,"16":0,"17":0,"18":0,"19":0,"20":0,"21":0,"22":0,"23":0,"24":0,"25":0,"26":0,"27":0,"28":0,"29":0},"f":{"0":0,"1":0,"2":0,"3":0,"4":0,"5":0},"b":{"0":[0,0],"1":[0,0],"2":[0,0],"3":[0,0],"4":[0,0],"5":[0,0]}}
,"C:\\Users\\Diego Cortes\\Desktop\\clothing-stores\\app\\lib\\utils.ts": {"path":"C:\\Users\\Diego Cortes\\Desktop\\clothing-stores\\app\\lib\\utils.ts","statementMap":{"0":{"start":{"line":5,"column":2},"end":{"line":5,"column":30}}},"fnMap":{"0":{"name":"cn","decl":{"start":{"line":4,"column":16},"end":{"line":4,"column":18}},"loc":{"start":{"line":4,"column":44},"end":{"line":6,"column":1}},"line":4}},"branchMap":{},"s":{"0":0},"f":{"0":0},"b":{}}
,"C:\\Users\\Diego Cortes\\Desktop\\clothing-stores\\app\\pages\\catalog\\catalog.tsx": {"path":"C:\\Users\\Diego Cortes\\Desktop\\clothing-stores\\app\\pages\\catalog\\catalog.tsx","statementMap":{"0":{"start":{"line":8,"column":42},"end":{"line":315,"column":5}},"1":{"start":{"line":317,"column":25},"end":{"line":317,"column":36}},"2":{"start":{"line":320,"column":30},"end":{"line":320,"column":85}},"3":{"start":{"line":320,"column":47},"end":{"line":320,"column":85}},"4":{"start":{"line":321,"column":31},"end":{"line":327,"column":23}},"5":{"start":{"line":323,"column":8},"end":{"line":325,"column":64}},"6":{"start":{"line":330,"column":4},"end":{"line":346,"column":6}}},"fnMap":{"0":{"name":"Catalog","decl":{"start":{"line":7,"column":24},"end":{"line":7,"column":31}},"loc":{"start":{"line":7,"column":34},"end":{"line":347,"column":1}},"line":7},"1":{"name":"(anonymous_1)","decl":{"start":{"line":320,"column":30},"end":{"line":320,"column":31}},"loc":{"start":{"line":320,"column":47},"end":{"line":320,"column":85}},"line":320},"2":{"name":"(anonymous_2)","decl":{"start":{"line":322,"column":31},"end":{"line":322,"column":32}},"loc":{"start":{"line":323,"column":8},"end":{"line":325,"column":64}},"line":323}},"branchMap":{"0":{"loc":{"start":{"line":321,"column":31},"end":{"line":327,"column":23}},"type":"cond-expr","locations":[{"start":{"line":322,"column":6},"end":{"line":326,"column":9}},{"start":{"line":327,"column":6},"end":{"line":327,"column":23}}],"line":321}},"s":{"0":0,"1":0,"2":0,"3":0,"4":0,"5":0,"6":0},"f":{"0":0,"1":0,"2":0},"b":{"0":[0,0]}}
,"C:\\Users\\Diego Cortes\\Desktop\\clothing-stores\\app\\pages\\contacto\\contacto.tsx": {"path":"C:\\Users\\Diego Cortes\\Desktop\\clothing-stores\\app\\pages\\contacto\\contacto.tsx","statementMap":{"0":{"start":{"line":8,"column":4},"end":{"line":20,"column":6}}},"fnMap":{"0":{"name":"Contacto","decl":{"start":{"line":6,"column":24},"end":{"line":6,"column":32}},"loc":{"start":{"line":6,"column":35},"end":{"line":21,"column":1}},"line":6}},"branchMap":{},"s":{"0":1},"f":{"0":1},"b":{},"_coverageSchema":"1a1c01bbd47fc00a2c39e90264f33305004495a9","hash":"288ef0889d0f85a408b423c1e4e84a6e4d87ef8d"}
,"C:\\Users\\Diego Cortes\\Desktop\\clothing-stores\\app\\pages\\login\\login.tsx": {"path":"C:\\Users\\Diego Cortes\\Desktop\\clothing-stores\\app\\pages\\login\\login.tsx","statementMap":{"0":{"start":{"line":8,"column":2},"end":{"line":22,"column":4}}},"fnMap":{"0":{"name":"Login","decl":{"start":{"line":7,"column":24},"end":{"line":7,"column":29}},"loc":{"start":{"line":7,"column":32},"end":{"line":23,"column":1}},"line":7}},"branchMap":{},"s":{"0":1},"f":{"0":1},"b":{},"_coverageSchema":"1a1c01bbd47fc00a2c39e90264f33305004495a9","hash":"6e82235d0831c9fa620681a32645becce44e15e5"}
,"C:\\Users\\Diego Cortes\\Desktop\\clothing-stores\\app\\pages\\welcome\\welcome.tsx": {"path":"C:\\Users\\Diego Cortes\\Desktop\\clothing-stores\\app\\pages\\welcome\\welcome.tsx","statementMap":{"0":{"start":{"line":20,"column":39},"end":{"line":144,"column":1}},"1":{"start":{"line":146,"column":68},"end":{"line":149,"column":3}},"2":{"start":{"line":151,"column":2},"end":{"line":159,"column":3}},"3":{"start":{"line":152,"column":4},"end":{"line":158,"column":6}},"4":{"start":{"line":161,"column":2},"end":{"line":186,"column":4}}},"fnMap":{"0":{"name":"Welcome","decl":{"start":{"line":17,"column":16},"end":{"line":17,"column":23}},"loc":{"start":{"line":17,"column":26},"end":{"line":187,"column":1}},"line":17}},"branchMap":{"0":{"loc":{"start":{"line":151,"column":2},"end":{"line":159,"column":3}},"type":"if","locations":[{"start":{"line":151,"column":2},"end":{"line":159,"column":3}},{"start":{},"end":{}}],"line":151}},"s":{"0":3,"1":3,"2":3,"3":1,"4":2},"f":{"0":3},"b":{"0":[1,2]},"_coverageSchema":"1a1c01bbd47fc00a2c39e90264f33305004495a9","hash":"1a63a92249735181eb937fb92ebf41161088e92e"}
,"C:\\Users\\Diego Cortes\\Desktop\\clothing-stores\\app\\routes\\catalog.tsx": {"path":"C:\\Users\\Diego Cortes\\Desktop\\clothing-stores\\app\\routes\\catalog.tsx","statementMap":{"0":{"start":{"line":5,"column":2},"end":{"line":8,"column":4}},"1":{"start":{"line":11,"column":2},"end":{"line":11,"column":20}}},"fnMap":{"0":{"name":"meta","decl":{"start":{"line":4,"column":16},"end":{"line":4,"column":20}},"loc":{"start":{"line":4,"column":41},"end":{"line":9,"column":1}},"line":4},"1":{"name":"Home","decl":{"start":{"line":10,"column":24},"end":{"line":10,"column":28}},"loc":{"start":{"line":10,"column":31},"end":{"line":12,"column":1}},"line":10}},"branchMap":{},"s":{"0":0,"1":0},"f":{"0":0,"1":0},"b":{}}
,"C:\\Users\\Diego Cortes\\Desktop\\clothing-stores\\app\\routes\\contacto.tsx": {"path":"C:\\Users\\Diego Cortes\\Desktop\\clothing-stores\\app\\routes\\contacto.tsx","statementMap":{"0":{"start":{"line":6,"column":2},"end":{"line":9,"column":4}},"1":{"start":{"line":13,"column":2},"end":{"line":13,"column":21}}},"fnMap":{"0":{"name":"meta","decl":{"start":{"line":5,"column":16},"end":{"line":5,"column":20}},"loc":{"start":{"line":5,"column":41},"end":{"line":10,"column":1}},"line":5},"1":{"name":"Home","decl":{"start":{"line":12,"column":24},"end":{"line":12,"column":28}},"loc":{"start":{"line":12,"column":31},"end":{"line":14,"column":1}},"line":12}},"branchMap":{},"s":{"0":0,"1":0},"f":{"0":0,"1":0},"b":{}}
,"C:\\Users\\Diego Cortes\\Desktop\\clothing-stores\\app\\routes\\home.tsx": {"path":"C:\\Users\\Diego Cortes\\Desktop\\clothing-stores\\app\\routes\\home.tsx","statementMap":{"0":{"start":{"line":5,"column":2},"end":{"line":8,"column":4}},"1":{"start":{"line":12,"column":2},"end":{"line":12,"column":21}}},"fnMap":{"0":{"name":"meta","decl":{"start":{"line":4,"column":16},"end":{"line":4,"column":20}},"loc":{"start":{"line":4,"column":41},"end":{"line":9,"column":1}},"line":4},"1":{"name":"Home","decl":{"start":{"line":11,"column":24},"end":{"line":11,"column":28}},"loc":{"start":{"line":11,"column":31},"end":{"line":13,"column":1}},"line":11}},"branchMap":{},"s":{"0":0,"1":0},"f":{"0":0,"1":0},"b":{}}
,"C:\\Users\\Diego Cortes\\Desktop\\clothing-stores\\app\\routes\\login.tsx": {"path":"C:\\Users\\Diego Cortes\\Desktop\\clothing-stores\\app\\routes\\login.tsx","statementMap":{"0":{"start":{"line":7,"column":2},"end":{"line":10,"column":4}},"1":{"start":{"line":14,"column":2},"end":{"line":14,"column":18}}},"fnMap":{"0":{"name":"meta","decl":{"start":{"line":6,"column":16},"end":{"line":6,"column":20}},"loc":{"start":{"line":6,"column":41},"end":{"line":11,"column":1}},"line":6},"1":{"name":"Home","decl":{"start":{"line":13,"column":24},"end":{"line":13,"column":28}},"loc":{"start":{"line":13,"column":31},"end":{"line":15,"column":1}},"line":13}},"branchMap":{},"s":{"0":0,"1":0},"f":{"0":0,"1":0},"b":{}}
,"C:\\Users\\Diego Cortes\\Desktop\\clothing-stores\\app\\service\\CartService.ts": {"path":"C:\\Users\\Diego Cortes\\Desktop\\clothing-stores\\app\\service\\CartService.ts","statementMap":{"0":{"start":{"line":17,"column":30},"end":{"line":17,"column":32}},"1":{"start":{"line":18,"column":60},"end":{"line":18,"column":62}},"2":{"start":{"line":21,"column":4},"end":{"line":21,"column":27}},"3":{"start":{"line":26,"column":4},"end":{"line":36,"column":5}},"4":{"start":{"line":27,"column":24},"end":{"line":27,"column":52}},"5":{"start":{"line":28,"column":6},"end":{"line":35,"column":7}},"6":{"start":{"line":29,"column":8},"end":{"line":34,"column":9}},"7":{"start":{"line":30,"column":10},"end":{"line":30,"column":45}},"8":{"start":{"line":32,"column":10},"end":{"line":32,"column":67}},"9":{"start":{"line":33,"column":10},"end":{"line":33,"column":26}},"10":{"start":{"line":41,"column":4},"end":{"line":43,"column":5}},"11":{"start":{"line":42,"column":6},"end":{"line":42,"column":63}},"12":{"start":{"line":48,"column":4},"end":{"line":48,"column":36}},"13":{"start":{"line":50,"column":4},"end":{"line":50,"column":25}},"14":{"start":{"line":52,"column":4},"end":{"line":54,"column":6}},"15":{"start":{"line":53,"column":6},"end":{"line":53,"column":74}},"16":{"start":{"line":53,"column":56},"end":{"line":53,"column":72}},"17":{"start":{"line":59,"column":4},"end":{"line":59,"column":68}},"18":{"start":{"line":59,"column":41},"end":{"line":59,"column":66}},"19":{"start":{"line":60,"column":4},"end":{"line":60,"column":25}},"20":{"start":{"line":66,"column":21},"end":{"line":66,"column":81}},"21":{"start":{"line":68,"column":25},"end":{"line":68,"column":70}},"22":{"start":{"line":68,"column":49},"end":{"line":68,"column":69}},"23":{"start":{"line":70,"column":4},"end":{"line":84,"column":5}},"24":{"start":{"line":71,"column":6},"end":{"line":71,"column":33}},"25":{"start":{"line":73,"column":33},"end":{"line":81,"column":7}},"26":{"start":{"line":83,"column":6},"end":{"line":83,"column":32}},"27":{"start":{"line":86,"column":4},"end":{"line":86,"column":18}},"28":{"start":{"line":91,"column":19},"end":{"line":91,"column":39}},"29":{"start":{"line":92,"column":4},"end":{"line":92,"column":37}},"30":{"start":{"line":92,"column":14},"end":{"line":92,"column":37}},"31":{"start":{"line":93,"column":4},"end":{"line":93,"column":39}},"32":{"start":{"line":93,"column":15},"end":{"line":93,"column":39}},"33":{"start":{"line":94,"column":4},"end":{"line":94,"column":20}},"34":{"start":{"line":99,"column":4},"end":{"line":99,"column":63}},"35":{"start":{"line":99,"column":43},"end":{"line":99,"column":61}},"36":{"start":{"line":100,"column":4},"end":{"line":100,"column":18}},"37":{"start":{"line":105,"column":17},"end":{"line":105,"column":60}},"38":{"start":{"line":105,"column":41},"end":{"line":105,"column":59}},"39":{"start":{"line":106,"column":4},"end":{"line":113,"column":5}},"40":{"start":{"line":107,"column":6},"end":{"line":112,"column":7}},"41":{"start":{"line":108,"column":8},"end":{"line":108,"column":32}},"42":{"start":{"line":110,"column":8},"end":{"line":110,"column":33}},"43":{"start":{"line":111,"column":8},"end":{"line":111,"column":22}},"44":{"start":{"line":118,"column":4},"end":{"line":118,"column":62}},"45":{"start":{"line":123,"column":4},"end":{"line":123,"column":62}},"46":{"start":{"line":128,"column":17},"end":{"line":128,"column":60}},"47":{"start":{"line":128,"column":41},"end":{"line":128,"column":59}},"48":{"start":{"line":129,"column":4},"end":{"line":129,"column":36}},"49":{"start":{"line":134,"column":4},"end":{"line":134,"column":72}},"50":{"start":{"line":134,"column":46},"end":{"line":134,"column":67}},"51":{"start":{"line":139,"column":4},"end":{"line":139,"column":27}},"52":{"start":{"line":144,"column":4},"end":{"line":144,"column":20}},"53":{"start":{"line":145,"column":4},"end":{"line":145,"column":18}},"54":{"start":{"line":150,"column":4},"end":{"line":150,"column":87}},"55":{"start":{"line":150,"column":46},"end":{"line":150,"column":82}},"56":{"start":{"line":155,"column":21},"end":{"line":155,"column":64}},"57":{"start":{"line":156,"column":4},"end":{"line":156,"column":57}},"58":{"start":{"line":156,"column":35},"end":{"line":156,"column":55}},"59":{"start":{"line":161,"column":27},"end":{"line":161,"column":44}}},"fnMap":{"0":{"name":"(anonymous_0)","decl":{"start":{"line":20,"column":2},"end":{"line":20,"column":3}},"loc":{"start":{"line":20,"column":16},"end":{"line":22,"column":3}},"line":20},"1":{"name":"(anonymous_1)","decl":{"start":{"line":25,"column":2},"end":{"line":25,"column":3}},"loc":{"start":{"line":25,"column":27},"end":{"line":37,"column":3}},"line":25},"2":{"name":"(anonymous_2)","decl":{"start":{"line":40,"column":2},"end":{"line":40,"column":3}},"loc":{"start":{"line":40,"column":26},"end":{"line":44,"column":3}},"line":40},"3":{"name":"(anonymous_3)","decl":{"start":{"line":47,"column":2},"end":{"line":47,"column":3}},"loc":{"start":{"line":47,"column":70},"end":{"line":55,"column":3}},"line":47},"4":{"name":"(anonymous_4)","decl":{"start":{"line":52,"column":11},"end":{"line":52,"column":12}},"loc":{"start":{"line":52,"column":17},"end":{"line":54,"column":5}},"line":52},"5":{"name":"(anonymous_5)","decl":{"start":{"line":53,"column":49},"end":{"line":53,"column":50}},"loc":{"start":{"line":53,"column":56},"end":{"line":53,"column":72}},"line":53},"6":{"name":"(anonymous_6)","decl":{"start":{"line":58,"column":2},"end":{"line":58,"column":3}},"loc":{"start":{"line":58,"column":19},"end":{"line":61,"column":3}},"line":58},"7":{"name":"(anonymous_7)","decl":{"start":{"line":59,"column":29},"end":{"line":59,"column":30}},"loc":{"start":{"line":59,"column":41},"end":{"line":59,"column":66}},"line":59},"8":{"name":"(anonymous_8)","decl":{"start":{"line":64,"column":2},"end":{"line":64,"column":3}},"loc":{"start":{"line":64,"column":85},"end":{"line":87,"column":3}},"line":64},"9":{"name":"(anonymous_9)","decl":{"start":{"line":68,"column":41},"end":{"line":68,"column":42}},"loc":{"start":{"line":68,"column":49},"end":{"line":68,"column":69}},"line":68},"10":{"name":"(anonymous_10)","decl":{"start":{"line":90,"column":2},"end":{"line":90,"column":3}},"loc":{"start":{"line":90,"column":83},"end":{"line":95,"column":3}},"line":90},"11":{"name":"(anonymous_11)","decl":{"start":{"line":98,"column":2},"end":{"line":98,"column":3}},"loc":{"start":{"line":98,"column":45},"end":{"line":101,"column":3}},"line":98},"12":{"name":"(anonymous_12)","decl":{"start":{"line":99,"column":35},"end":{"line":99,"column":36}},"loc":{"start":{"line":99,"column":43},"end":{"line":99,"column":61}},"line":99},"13":{"name":"(anonymous_13)","decl":{"start":{"line":104,"column":2},"end":{"line":104,"column":3}},"loc":{"start":{"line":104,"column":67},"end":{"line":114,"column":3}},"line":104},"14":{"name":"(anonymous_14)","decl":{"start":{"line":105,"column":33},"end":{"line":105,"column":34}},"loc":{"start":{"line":105,"column":41},"end":{"line":105,"column":59}},"line":105},"15":{"name":"(anonymous_15)","decl":{"start":{"line":117,"column":2},"end":{"line":117,"column":3}},"loc":{"start":{"line":117,"column":52},"end":{"line":119,"column":3}},"line":117},"16":{"name":"(anonymous_16)","decl":{"start":{"line":122,"column":2},"end":{"line":122,"column":3}},"loc":{"start":{"line":122,"column":52},"end":{"line":124,"column":3}},"line":122},"17":{"name":"(anonymous_17)","decl":{"start":{"line":127,"column":2},"end":{"line":127,"column":3}},"loc":{"start":{"line":127,"column":54},"end":{"line":130,"column":3}},"line":127},"18":{"name":"(anonymous_18)","decl":{"start":{"line":128,"column":33},"end":{"line":128,"column":34}},"loc":{"start":{"line":128,"column":41},"end":{"line":128,"column":59}},"line":128},"19":{"name":"(anonymous_19)","decl":{"start":{"line":133,"column":2},"end":{"line":133,"column":3}},"loc":{"start":{"line":133,"column":33},"end":{"line":135,"column":3}},"line":133},"20":{"name":"(anonymous_20)","decl":{"start":{"line":134,"column":29},"end":{"line":134,"column":30}},"loc":{"start":{"line":134,"column":46},"end":{"line":134,"column":67}},"line":134},"21":{"name":"(anonymous_21)","decl":{"start":{"line":138,"column":2},"end":{"line":138,"column":3}},"loc":{"start":{"line":138,"column":32},"end":{"line":140,"column":3}},"line":138},"22":{"name":"(anonymous_22)","decl":{"start":{"line":143,"column":2},"end":{"line":143,"column":3}},"loc":{"start":{"line":143,"column":17},"end":{"line":146,"column":3}},"line":143},"23":{"name":"(anonymous_23)","decl":{"start":{"line":149,"column":2},"end":{"line":149,"column":3}},"loc":{"start":{"line":149,"column":33},"end":{"line":151,"column":3}},"line":149},"24":{"name":"(anonymous_24)","decl":{"start":{"line":150,"column":29},"end":{"line":150,"column":30}},"loc":{"start":{"line":150,"column":46},"end":{"line":150,"column":82}},"line":150},"25":{"name":"(anonymous_25)","decl":{"start":{"line":154,"column":2},"end":{"line":154,"column":3}},"loc":{"start":{"line":154,"column":77},"end":{"line":157,"column":3}},"line":154},"26":{"name":"(anonymous_26)","decl":{"start":{"line":156,"column":27},"end":{"line":156,"column":28}},"loc":{"start":{"line":156,"column":35},"end":{"line":156,"column":55}},"line":156}},"branchMap":{"0":{"loc":{"start":{"line":26,"column":4},"end":{"line":36,"column":5}},"type":"if","locations":[{"start":{"line":26,"column":4},"end":{"line":36,"column":5}},{"start":{},"end":{}}],"line":26},"1":{"loc":{"start":{"line":28,"column":6},"end":{"line":35,"column":7}},"type":"if","locations":[{"start":{"line":28,"column":6},"end":{"line":35,"column":7}},{"start":{},"end":{}}],"line":28},"2":{"loc":{"start":{"line":41,"column":4},"end":{"line":43,"column":5}},"type":"if","locations":[{"start":{"line":41,"column":4},"end":{"line":43,"column":5}},{"start":{},"end":{}}],"line":41},"3":{"loc":{"start":{"line":64,"column":36},"end":{"line":64,"column":83}},"type":"default-arg","locations":[{"start":{"line":64,"column":81},"end":{"line":64,"column":83}}],"line":64},"4":{"loc":{"start":{"line":70,"column":4},"end":{"line":84,"column":5}},"type":"if","locations":[{"start":{"line":70,"column":4},"end":{"line":84,"column":5}},{"start":{"line":72,"column":11},"end":{"line":84,"column":5}}],"line":70},"5":{"loc":{"start":{"line":92,"column":4},"end":{"line":92,"column":37}},"type":"if","locations":[{"start":{"line":92,"column":4},"end":{"line":92,"column":37}},{"start":{},"end":{}}],"line":92},"6":{"loc":{"start":{"line":93,"column":4},"end":{"line":93,"column":39}},"type":"if","locations":[{"start":{"line":93,"column":4},"end":{"line":93,"column":39}},{"start":{},"end":{}}],"line":93},"7":{"loc":{"start":{"line":106,"column":4},"end":{"line":113,"column":5}},"type":"if","locations":[{"start":{"line":106,"column":4},"end":{"line":113,"column":5}},{"start":{},"end":{}}],"line":106},"8":{"loc":{"start":{"line":107,"column":6},"end":{"line":112,"column":7}},"type":"if","locations":[{"start":{"line":107,"column":6},"end":{"line":112,"column":7}},{"start":{"line":109,"column":13},"end":{"line":112,"column":7}}],"line":107},"9":{"loc":{"start":{"line":129,"column":11},"end":{"line":129,"column":35}},"type":"cond-expr","locations":[{"start":{"line":129,"column":18},"end":{"line":129,"column":31}},{"start":{"line":129,"column":34},"end":{"line":129,"column":35}}],"line":129}},"s":{"0":0,"1":0,"2":0,"3":0,"4":0,"5":0,"6":0,"7":0,"8":0,"9":0,"10":0,"11":0,"12":0,"13":0,"14":0,"15":0,"16":0,"17":0,"18":0,"19":0,"20":0,"21":0,"22":0,"23":0,"24":0,"25":0,"26":0,"27":0,"28":0,"29":0,"30":0,"31":0,"32":0,"33":0,"34":0,"35":0,"36":0,"37":0,"38":0,"39":0,"40":0,"41":0,"42":0,"43":0,"44":0,"45":0,"46":0,"47":0,"48":0,"49":0,"50":0,"51":0,"52":0,"53":0,"54":0,"55":0,"56":0,"57":0,"58":0,"59":0},"f":{"0":0,"1":0,"2":0,"3":0,"4":0,"5":0,"6":0,"7":0,"8":0,"9":0,"10":0,"11":0,"12":0,"13":0,"14":0,"15":0,"16":0,"17":0,"18":0,"19":0,"20":0,"21":0,"22":0,"23":0,"24":0,"25":0,"26":0},"b":{"0":[0,0],"1":[0,0],"2":[0,0],"3":[0],"4":[0,0],"5":[0,0],"6":[0,0],"7":[0,0],"8":[0,0],"9":[0,0]}}
,"C:\\Users\\Diego Cortes\\Desktop\\clothing-stores\\app\\types\\product.ts": {"path":"C:\\Users\\Diego Cortes\\Desktop\\clothing-stores\\app\\types\\product.ts","statementMap":{},"fnMap":{},"branchMap":{},"s":{},"f":{},"b":{}}
}
