TN:
SF:app\root.tsx
FN:13,(anonymous_0)
FN:26,Layout
FN:44,App
FN:48,ErrorBoundary
FNF:4
FNH:0
FNDA:0,(anonymous_0)
FNDA:0,Layout
FNDA:0,App
FNDA:0,ErrorBoundary
DA:13,0
DA:27,0
DA:45,0
DA:49,0
DA:50,0
DA:53,0
DA:54,0
DA:55,0
DA:59,0
DA:60,0
DA:61,0
DA:64,0
LF:12
LH:0
BRDA:53,0,0,0
BRDA:53,0,1,0
BRDA:54,1,0,0
BRDA:54,1,1,0
BRDA:56,2,0,0
BRDA:56,2,1,0
BRDA:58,3,0,0
BRDA:58,3,1,0
BRDA:59,4,0,0
BRDA:59,4,1,0
BRDA:59,5,0,0
BRDA:59,5,1,0
BRDA:59,5,2,0
BRDA:68,6,0,0
BRDA:68,6,1,0
BRF:15
BRH:0
end_of_record
TN:
SF:app\routes.ts
FNF:0
FNH:0
LF:0
LH:0
BRF:0
BRH:0
end_of_record
TN:
SF:app\component\AreasMain.tsx
FN:25,AreasMain
FN:29,(anonymous_1)
FN:31,(anonymous_2)
FN:56,(anonymous_3)
FNF:4
FNH:0
FNDA:0,AreasMain
FNDA:0,(anonymous_1)
FNDA:0,(anonymous_2)
FNDA:0,(anonymous_3)
DA:4,0
DA:26,0
DA:27,0
DA:29,0
DA:30,0
DA:31,0
DA:33,0
DA:34,0
DA:56,0
LF:9
LH:0
BRDA:43,0,0,0
BRDA:43,0,1,0
BRDA:50,1,0,0
BRDA:50,1,1,0
BRF:4
BRH:0
end_of_record
TN:
SF:app\component\CardVentas.tsx
FN:9,(anonymous_0)
FN:31,(anonymous_1)
FN:38,(anonymous_2)
FN:39,(anonymous_3)
FN:40,(anonymous_4)
FN:86,(anonymous_5)
FNF:6
FNH:0
FNDA:0,(anonymous_0)
FNDA:0,(anonymous_1)
FNDA:0,(anonymous_2)
FNDA:0,(anonymous_3)
FNDA:0,(anonymous_4)
FNDA:0,(anonymous_5)
DA:9,0
DA:10,0
DA:11,0
DA:13,0
DA:15,0
DA:32,0
DA:34,0
DA:38,0
DA:39,0
DA:40,0
DA:86,0
LF:11
LH:0
BRDA:38,0,0,0
BRDA:38,0,1,0
BRDA:39,1,0,0
BRDA:39,1,1,0
BRDA:48,2,0,0
BRDA:48,2,1,0
BRDA:48,3,0,0
BRDA:48,3,1,0
BRDA:51,4,0,0
BRDA:51,4,1,0
BRDA:56,5,0,0
BRDA:56,5,1,0
BRF:12
BRH:0
end_of_record
TN:
SF:app\component\CartIcon.tsx
FN:7,(anonymous_0)
FN:14,(anonymous_1)
FN:20,(anonymous_2)
FN:26,(anonymous_3)
FN:69,(anonymous_4)
FN:76,(anonymous_5)
FNF:6
FNH:0
FNDA:0,(anonymous_0)
FNDA:0,(anonymous_1)
FNDA:0,(anonymous_2)
FNDA:0,(anonymous_3)
FNDA:0,(anonymous_4)
FNDA:0,(anonymous_5)
DA:7,0
DA:8,0
DA:9,0
DA:10,0
DA:12,0
DA:14,0
DA:15,0
DA:16,0
DA:17,0
DA:20,0
DA:21,0
DA:22,0
DA:23,0
DA:26,0
DA:27,0
DA:28,0
DA:29,0
DA:32,0
DA:69,0
DA:76,0
LF:20
LH:0
BRDA:58,0,0,0
BRDA:58,0,1,0
BRDA:60,1,0,0
BRDA:60,1,1,0
BRF:4
BRH:0
end_of_record
TN:
SF:app\component\CartModal.tsx
FN:11,CartModal
FN:23,(anonymous_1)
FN:24,(anonymous_2)
FN:33,(anonymous_3)
FN:40,(anonymous_4)
FN:46,(anonymous_5)
FN:87,(anonymous_6)
FN:112,(anonymous_7)
FN:142,CartItem
FN:173,(anonymous_9)
FN:185,(anonymous_10)
FN:199,(anonymous_11)
FNF:12
FNH:0
FNDA:0,CartModal
FNDA:0,(anonymous_1)
FNDA:0,(anonymous_2)
FNDA:0,(anonymous_3)
FNDA:0,(anonymous_4)
FNDA:0,(anonymous_5)
FNDA:0,(anonymous_6)
FNDA:0,(anonymous_7)
FNDA:0,CartItem
FNDA:0,(anonymous_9)
FNDA:0,(anonymous_10)
FNDA:0,(anonymous_11)
DA:20,0
DA:23,0
DA:24,0
DA:25,0
DA:28,0
DA:29,0
DA:30,0
DA:33,0
DA:34,0
DA:35,0
DA:40,0
DA:41,0
DA:42,0
DA:46,0
DA:47,0
DA:48,0
DA:51,0
DA:53,0
DA:88,0
DA:113,0
DA:114,0
DA:143,0
DA:173,0
DA:185,0
DA:199,0
LF:25
LH:0
BRDA:25,0,0,0
BRDA:25,0,1,0
BRDA:28,1,0,0
BRDA:28,1,1,0
BRDA:41,2,0,0
BRDA:41,2,1,0
BRDA:51,3,0,0
BRDA:51,3,1,0
BRDA:77,4,0,0
BRDA:77,4,1,0
BRDA:101,5,0,0
BRDA:101,5,1,0
BRDA:157,6,0,0
BRDA:157,6,1,0
BRDA:157,6,2,0
BRDA:159,7,0,0
BRDA:159,7,1,0
BRDA:160,8,0,0
BRDA:160,8,1,0
BRF:19
BRH:0
end_of_record
TN:
SF:app\component\CheckoutModal.tsx
FN:13,CheckoutModal
FN:37,(anonymous_1)
FN:44,(anonymous_2)
FN:45,(anonymous_3)
FN:54,(anonymous_4)
FN:60,(anonymous_5)
FN:66,(anonymous_6)
FN:68,(anonymous_7)
FN:71,(anonymous_8)
FN:73,(anonymous_9)
FN:76,(anonymous_10)
FN:80,(anonymous_11)
FN:84,(anonymous_12)
FN:88,(anonymous_13)
FN:105,(anonymous_14)
FN:203,(anonymous_15)
FN:216,(anonymous_16)
FN:252,(anonymous_17)
FNF:18
FNH:0
FNDA:0,CheckoutModal
FNDA:0,(anonymous_1)
FNDA:0,(anonymous_2)
FNDA:0,(anonymous_3)
FNDA:0,(anonymous_4)
FNDA:0,(anonymous_5)
FNDA:0,(anonymous_6)
FNDA:0,(anonymous_7)
FNDA:0,(anonymous_8)
FNDA:0,(anonymous_9)
FNDA:0,(anonymous_10)
FNDA:0,(anonymous_11)
FNDA:0,(anonymous_12)
FNDA:0,(anonymous_13)
FNDA:0,(anonymous_14)
FNDA:0,(anonymous_15)
FNDA:0,(anonymous_16)
FNDA:0,(anonymous_17)
DA:14,0
DA:15,0
DA:16,0
DA:17,0
DA:19,0
DA:30,0
DA:37,0
DA:38,0
DA:39,0
DA:40,0
DA:44,0
DA:45,0
DA:46,0
DA:49,0
DA:50,0
DA:51,0
DA:54,0
DA:55,0
DA:56,0
DA:60,0
DA:61,0
DA:62,0
DA:66,0
DA:67,0
DA:68,0
DA:71,0
DA:72,0
DA:73,0
DA:76,0
DA:77,0
DA:80,0
DA:81,0
DA:84,0
DA:85,0
DA:87,0
DA:88,0
DA:89,0
DA:96,0
DA:97,0
DA:99,0
DA:101,0
DA:105,0
DA:106,0
DA:107,0
DA:110,0
DA:112,0
DA:203,0
DA:216,0
DA:253,0
LF:49
LH:0
BRDA:38,0,0,0
BRDA:38,0,1,0
BRDA:46,1,0,0
BRDA:46,1,1,0
BRDA:46,2,0,0
BRDA:46,2,1,0
BRDA:49,3,0,0
BRDA:49,3,1,0
BRDA:61,4,0,0
BRDA:61,4,1,0
BRDA:61,5,0,0
BRDA:61,5,1,0
BRDA:107,6,0,0
BRDA:107,6,1,0
BRDA:110,7,0,0
BRDA:110,7,1,0
BRDA:121,8,0,0
BRDA:121,8,1,0
BRDA:122,9,0,0
BRDA:122,9,1,0
BRDA:123,10,0,0
BRDA:123,10,1,0
BRDA:130,11,0,0
BRDA:130,11,1,0
BRDA:145,12,0,0
BRDA:145,12,1,0
BRDA:148,13,0,0
BRDA:148,13,1,0
BRDA:151,14,0,0
BRDA:151,14,1,0
BRDA:164,15,0,0
BRDA:164,15,1,0
BRDA:198,16,0,0
BRDA:198,16,1,0
BRDA:205,17,0,0
BRDA:205,17,1,0
BRDA:218,18,0,0
BRDA:218,18,1,0
BRDA:232,19,0,0
BRDA:232,19,1,0
BRDA:247,20,0,0
BRDA:247,20,1,0
BRDA:275,21,0,0
BRDA:275,21,1,0
BRDA:275,22,0,0
BRDA:275,22,1,0
BRDA:285,23,0,0
BRDA:285,23,1,0
BRDA:285,23,2,0
BRDA:297,24,0,0
BRDA:297,24,1,0
BRDA:304,25,0,0
BRDA:304,25,1,0
BRDA:310,26,0,0
BRDA:310,26,1,0
BRF:55
BRH:0
end_of_record
TN:
SF:app\component\ClientCarousel.tsx
FN:14,(anonymous_0)
FN:30,(anonymous_1)
FN:36,(anonymous_2)
FNF:3
FNH:0
FNDA:0,(anonymous_0)
FNDA:0,(anonymous_1)
FNDA:0,(anonymous_2)
DA:14,0
DA:15,0
DA:31,0
DA:37,0
LF:4
LH:0
BRDA:14,0,0,0
BRDA:39,1,0,0
BRDA:39,1,1,0
BRF:3
BRH:0
end_of_record
TN:
SF:app\component\Contact.tsx
FN:11,(anonymous_0)
FN:22,(anonymous_1)
FN:24,(anonymous_2)
FN:30,(anonymous_3)
FN:37,(anonymous_4)
FNF:5
FNH:0
FNDA:0,(anonymous_0)
FNDA:0,(anonymous_1)
FNDA:0,(anonymous_2)
FNDA:0,(anonymous_3)
FNDA:0,(anonymous_4)
DA:11,0
DA:12,0
DA:19,0
DA:20,0
DA:22,0
DA:23,0
DA:24,0
DA:30,0
DA:31,0
DA:32,0
DA:33,0
DA:35,0
DA:37,0
DA:40,0
DA:42,0
DA:43,0
DA:45,0
DA:47,0
DA:51,0
LF:19
LH:0
BRDA:182,0,0,0
BRDA:182,0,1,0
BRDA:193,1,0,0
BRDA:193,1,1,0
BRDA:209,2,0,0
BRDA:209,2,1,0
BRF:6
BRH:0
end_of_record
TN:
SF:app\component\Footer.tsx
FN:3,(anonymous_0)
FN:80,(anonymous_1)
FN:109,(anonymous_2)
FNF:3
FNH:0
FNDA:0,(anonymous_0)
FNDA:0,(anonymous_1)
FNDA:0,(anonymous_2)
DA:3,0
DA:4,0
DA:6,0
DA:62,0
DA:63,0
DA:81,0
DA:110,0
LF:7
LH:0
BRF:0
BRH:0
end_of_record
TN:
SF:app\component\Header.tsx
FN:5,(anonymous_0)
FN:8,(anonymous_1)
FN:13,(anonymous_2)
FN:18,(anonymous_3)
FN:19,(anonymous_4)
FN:26,(anonymous_5)
FNF:6
FNH:0
FNDA:0,(anonymous_0)
FNDA:0,(anonymous_1)
FNDA:0,(anonymous_2)
FNDA:0,(anonymous_3)
FNDA:0,(anonymous_4)
FNDA:0,(anonymous_5)
DA:5,0
DA:6,0
DA:8,0
DA:9,0
DA:13,0
DA:14,0
DA:18,0
DA:19,0
DA:20,0
DA:21,0
DA:25,0
DA:26,0
DA:29,0
LF:13
LH:0
BRDA:20,0,0,0
BRDA:20,0,1,0
BRDA:95,1,0,0
BRDA:95,1,1,0
BRDA:106,2,0,0
BRDA:106,2,1,0
BRF:6
BRH:0
end_of_record
TN:
SF:app\component\HeroSelection.tsx
FN:4,(anonymous_0)
FNF:1
FNH:0
FNDA:0,(anonymous_0)
DA:4,0
DA:16,0
DA:18,0
LF:3
LH:0
BRDA:5,0,0,0
BRDA:6,1,0,0
BRDA:7,2,0,0
BRDA:8,3,0,0
BRDA:9,4,0,0
BRDA:14,5,0,0
BRF:6
BRH:0
end_of_record
TN:
SF:app\component\Mosaico.tsx
FN:1,(anonymous_0)
FNF:1
FNH:0
FNDA:0,(anonymous_0)
DA:1,0
DA:2,0
LF:2
LH:0
BRF:0
BRH:0
end_of_record
TN:
SF:app\component\ProductList.tsx
FN:17,ProductList
FN:24,(anonymous_1)
FN:25,(anonymous_2)
FN:29,(anonymous_3)
FN:35,(anonymous_4)
FN:39,(anonymous_5)
FN:88,(anonymous_6)
FN:107,(anonymous_7)
FN:110,(anonymous_8)
FN:122,(anonymous_9)
FN:142,(anonymous_10)
FN:158,(anonymous_11)
FN:160,(anonymous_12)
FN:171,(anonymous_13)
FN:172,(anonymous_14)
FN:173,(anonymous_15)
FN:214,(anonymous_16)
FN:222,StarRating
FN:225,(anonymous_18)
FNF:19
FNH:0
FNDA:0,ProductList
FNDA:0,(anonymous_1)
FNDA:0,(anonymous_2)
FNDA:0,(anonymous_3)
FNDA:0,(anonymous_4)
FNDA:0,(anonymous_5)
FNDA:0,(anonymous_6)
FNDA:0,(anonymous_7)
FNDA:0,(anonymous_8)
FNDA:0,(anonymous_9)
FNDA:0,(anonymous_10)
FNDA:0,(anonymous_11)
FNDA:0,(anonymous_12)
FNDA:0,(anonymous_13)
FNDA:0,(anonymous_14)
FNDA:0,(anonymous_15)
FNDA:0,(anonymous_16)
FNDA:0,StarRating
FNDA:0,(anonymous_18)
DA:18,0
DA:19,0
DA:20,0
DA:21,0
DA:22,0
DA:24,0
DA:25,0
DA:26,0
DA:29,0
DA:30,0
DA:33,0
DA:34,0
DA:35,0
DA:39,0
DA:40,0
DA:42,0
DA:45,0
DA:48,0
DA:51,0
DA:55,0
DA:60,0
DA:61,0
DA:69,0
DA:70,0
DA:88,0
DA:107,0
DA:111,0
DA:123,0
DA:124,0
DA:142,0
DA:160,0
DA:161,0
DA:162,0
DA:163,0
DA:164,0
DA:167,0
DA:171,0
DA:172,0
DA:173,0
DA:214,0
DA:223,0
DA:226,0
LF:42
LH:0
BRDA:17,0,0,0
BRDA:17,1,0,0
BRDA:33,2,0,0
BRDA:33,2,1,0
BRDA:40,3,0,0
BRDA:40,3,1,0
BRDA:40,3,2,0
BRDA:40,3,3,0
BRDA:40,3,4,0
BRDA:40,3,5,0
BRDA:60,4,0,0
BRDA:60,4,1,0
BRDA:60,5,0,0
BRDA:60,5,1,0
BRDA:98,6,0,0
BRDA:98,6,1,0
BRDA:112,7,0,0
BRDA:112,7,1,0
BRDA:120,8,0,0
BRDA:120,8,1,0
BRDA:120,8,2,0
BRDA:161,9,0,0
BRDA:161,9,1,0
BRDA:162,10,0,0
BRDA:162,10,1,0
BRDA:163,11,0,0
BRDA:163,11,1,0
BRDA:180,12,0,0
BRDA:180,12,1,0
BRDA:188,13,0,0
BRDA:188,13,1,0
BRDA:189,14,0,0
BRDA:189,14,1,0
BRDA:206,15,0,0
BRDA:206,15,1,0
BRDA:228,16,0,0
BRDA:228,16,1,0
BRF:37
BRH:0
end_of_record
TN:
SF:app\component\ProductModal.tsx
FN:10,(anonymous_0)
FN:15,(anonymous_1)
FN:73,(anonymous_2)
FN:76,(anonymous_3)
FN:94,(anonymous_4)
FN:97,(anonymous_5)
FNF:6
FNH:0
FNDA:0,(anonymous_0)
FNDA:0,(anonymous_1)
FNDA:0,(anonymous_2)
FNDA:0,(anonymous_3)
FNDA:0,(anonymous_4)
FNDA:0,(anonymous_5)
DA:10,0
DA:11,0
DA:12,0
DA:13,0
DA:15,0
DA:16,0
DA:18,0
DA:23,0
DA:24,0
DA:27,0
DA:29,0
DA:74,0
DA:76,0
DA:95,0
DA:97,0
LF:15
LH:0
BRDA:16,0,0,0
BRDA:16,0,1,0
BRDA:27,1,0,0
BRDA:27,1,1,0
BRDA:40,2,0,0
BRDA:40,2,1,0
BRDA:78,3,0,0
BRDA:78,3,1,0
BRDA:90,4,0,0
BRDA:90,4,1,0
BRDA:99,5,0,0
BRDA:99,5,1,0
BRF:12
BRH:0
end_of_record
TN:
SF:app\component\login.tsx
FN:7,Login
FN:17,(anonymous_1)
FN:34,(anonymous_2)
FN:57,(anonymous_3)
FN:67,(anonymous_4)
FN:80,(anonymous_5)
FN:117,(anonymous_6)
FN:134,(anonymous_7)
FN:149,(anonymous_8)
FNF:9
FNH:0
FNDA:0,Login
FNDA:0,(anonymous_1)
FNDA:0,(anonymous_2)
FNDA:0,(anonymous_3)
FNDA:0,(anonymous_4)
FNDA:0,(anonymous_5)
FNDA:0,(anonymous_6)
FNDA:0,(anonymous_7)
FNDA:0,(anonymous_8)
DA:9,0
DA:10,0
DA:11,0
DA:12,0
DA:13,0
DA:14,0
DA:17,0
DA:18,0
DA:20,0
DA:21,0
DA:22,0
DA:25,0
DA:26,0
DA:27,0
DA:30,0
DA:31,0
DA:34,0
DA:35,0
DA:36,0
DA:37,0
DA:42,0
DA:58,0
DA:59,0
DA:60,0
DA:67,0
DA:80,0
DA:117,0
DA:134,0
DA:149,0
LF:29
LH:0
BRDA:20,0,0,0
BRDA:20,0,1,0
BRDA:20,1,0,0
BRDA:20,1,1,0
BRDA:25,2,0,0
BRDA:25,2,1,0
BRDA:44,3,0,0
BRDA:44,3,1,0
BRDA:155,4,0,0
BRDA:155,4,1,0
BRDA:162,5,0,0
BRDA:162,5,1,0
BRF:12
BRH:0
end_of_record
TN:
SF:app\hooks\getProductosLocalStorage.ts
FN:5,useProductosLocalStorage
FN:8,(anonymous_1)
FNF:2
FNH:0
FNDA:0,useProductosLocalStorage
FNDA:0,(anonymous_1)
DA:6,0
DA:8,0
DA:10,0
DA:11,0
DA:13,0
DA:14,0
DA:15,0
DA:17,0
DA:23,0
LF:9
LH:0
BRDA:10,0,0,0
BRDA:10,0,1,0
BRDA:13,1,0,0
BRDA:13,1,1,0
BRF:4
BRH:0
end_of_record
TN:
SF:app\hooks\useCart.ts
FN:11,(anonymous_0)
FN:16,(anonymous_1)
FN:17,(anonymous_2)
FN:30,(anonymous_3)
FN:31,(anonymous_4)
FN:32,(anonymous_5)
FN:34,(anonymous_6)
FN:35,(anonymous_7)
FN:36,(anonymous_8)
FN:37,(anonymous_9)
FNF:10
FNH:0
FNDA:0,(anonymous_0)
FNDA:0,(anonymous_1)
FNDA:0,(anonymous_2)
FNDA:0,(anonymous_3)
FNDA:0,(anonymous_4)
FNDA:0,(anonymous_5)
FNDA:0,(anonymous_6)
FNDA:0,(anonymous_7)
FNDA:0,(anonymous_8)
FNDA:0,(anonymous_9)
DA:11,0
DA:12,0
DA:13,0
DA:14,0
DA:16,0
DA:17,0
DA:18,0
DA:19,0
DA:20,0
DA:23,0
DA:26,0
DA:30,0
DA:31,0
DA:33,0
DA:34,0
DA:35,0
DA:36,0
DA:38,0
LF:18
LH:0
BRF:0
BRH:0
end_of_record
TN:
SF:app\hooks\useLocalStorage.ts
FN:4,useLocalStorage
FN:5,(anonymous_1)
FN:23,(anonymous_2)
FN:26,(anonymous_3)
FN:43,(anonymous_4)
FN:48,(anonymous_5)
FNF:6
FNH:0
FNDA:0,useLocalStorage
FNDA:0,(anonymous_1)
FNDA:0,(anonymous_2)
FNDA:0,(anonymous_3)
FNDA:0,(anonymous_4)
FNDA:0,(anonymous_5)
DA:5,0
DA:7,0
DA:8,0
DA:11,0
DA:12,0
DA:13,0
DA:15,0
DA:16,0
DA:20,0
DA:23,0
DA:24,0
DA:26,0
DA:27,0
DA:28,0
DA:29,0
DA:30,0
DA:33,0
DA:38,0
DA:41,0
DA:43,0
DA:44,0
DA:48,0
DA:49,0
DA:50,0
DA:51,0
DA:53,0
DA:54,0
DA:57,0
DA:61,0
LF:29
LH:0
BRDA:7,0,0,0
BRDA:7,0,1,0
BRDA:13,1,0,0
BRDA:13,1,1,0
BRDA:24,2,0,0
BRDA:24,2,1,0
BRDA:29,3,0,0
BRDA:29,3,1,0
BRDA:50,4,0,0
BRDA:50,4,1,0
BRDA:53,5,0,0
BRDA:53,5,1,0
BRF:12
BRH:0
end_of_record
TN:
SF:app\lib\utils.ts
FN:4,cn
FNF:1
FNH:0
FNDA:0,cn
DA:5,0
LF:1
LH:0
BRF:0
BRH:0
end_of_record
TN:
SF:app\pages\catalog\catalog.tsx
FN:7,Catalog
FN:320,(anonymous_1)
FN:322,(anonymous_2)
FNF:3
FNH:0
FNDA:0,Catalog
FNDA:0,(anonymous_1)
FNDA:0,(anonymous_2)
DA:8,0
DA:317,0
DA:320,0
DA:321,0
DA:323,0
DA:330,0
LF:6
LH:0
BRDA:321,0,0,0
BRDA:321,0,1,0
BRF:2
BRH:0
end_of_record
TN:
SF:app\pages\contacto\contacto.tsx
FN:6,Contacto
FNF:1
FNH:1
FNDA:1,Contacto
DA:8,1
LF:1
LH:1
BRF:0
BRH:0
end_of_record
TN:
SF:app\pages\login\login.tsx
FN:7,Login
FNF:1
FNH:1
FNDA:1,Login
DA:8,1
LF:1
LH:1
BRF:0
BRH:0
end_of_record
TN:
SF:app\pages\welcome\welcome.tsx
FN:17,Welcome
FNF:1
FNH:1
FNDA:3,Welcome
DA:20,3
DA:146,3
DA:151,3
DA:152,1
DA:161,2
LF:5
LH:5
BRDA:151,0,0,1
BRDA:151,0,1,2
BRF:2
BRH:2
end_of_record
TN:
SF:app\routes\catalog.tsx
FN:4,meta
FN:10,Home
FNF:2
FNH:0
FNDA:0,meta
FNDA:0,Home
DA:5,0
DA:11,0
LF:2
LH:0
BRF:0
BRH:0
end_of_record
TN:
SF:app\routes\contacto.tsx
FN:5,meta
FN:12,Home
FNF:2
FNH:0
FNDA:0,meta
FNDA:0,Home
DA:6,0
DA:13,0
LF:2
LH:0
BRF:0
BRH:0
end_of_record
TN:
SF:app\routes\home.tsx
FN:4,meta
FN:11,Home
FNF:2
FNH:0
FNDA:0,meta
FNDA:0,Home
DA:5,0
DA:12,0
LF:2
LH:0
BRF:0
BRH:0
end_of_record
TN:
SF:app\routes\login.tsx
FN:6,meta
FN:13,Home
FNF:2
FNH:0
FNDA:0,meta
FNDA:0,Home
DA:7,0
DA:14,0
LF:2
LH:0
BRF:0
BRH:0
end_of_record
TN:
SF:app\service\CartService.ts
FN:20,(anonymous_0)
FN:25,(anonymous_1)
FN:40,(anonymous_2)
FN:47,(anonymous_3)
FN:52,(anonymous_4)
FN:53,(anonymous_5)
FN:58,(anonymous_6)
FN:59,(anonymous_7)
FN:64,(anonymous_8)
FN:68,(anonymous_9)
FN:90,(anonymous_10)
FN:98,(anonymous_11)
FN:99,(anonymous_12)
FN:104,(anonymous_13)
FN:105,(anonymous_14)
FN:117,(anonymous_15)
FN:122,(anonymous_16)
FN:127,(anonymous_17)
FN:128,(anonymous_18)
FN:133,(anonymous_19)
FN:134,(anonymous_20)
FN:138,(anonymous_21)
FN:143,(anonymous_22)
FN:149,(anonymous_23)
FN:150,(anonymous_24)
FN:154,(anonymous_25)
FN:156,(anonymous_26)
FNF:27
FNH:0
FNDA:0,(anonymous_0)
FNDA:0,(anonymous_1)
FNDA:0,(anonymous_2)
FNDA:0,(anonymous_3)
FNDA:0,(anonymous_4)
FNDA:0,(anonymous_5)
FNDA:0,(anonymous_6)
FNDA:0,(anonymous_7)
FNDA:0,(anonymous_8)
FNDA:0,(anonymous_9)
FNDA:0,(anonymous_10)
FNDA:0,(anonymous_11)
FNDA:0,(anonymous_12)
FNDA:0,(anonymous_13)
FNDA:0,(anonymous_14)
FNDA:0,(anonymous_15)
FNDA:0,(anonymous_16)
FNDA:0,(anonymous_17)
FNDA:0,(anonymous_18)
FNDA:0,(anonymous_19)
FNDA:0,(anonymous_20)
FNDA:0,(anonymous_21)
FNDA:0,(anonymous_22)
FNDA:0,(anonymous_23)
FNDA:0,(anonymous_24)
FNDA:0,(anonymous_25)
FNDA:0,(anonymous_26)
DA:17,0
DA:18,0
DA:21,0
DA:26,0
DA:27,0
DA:28,0
DA:29,0
DA:30,0
DA:32,0
DA:33,0
DA:41,0
DA:42,0
DA:48,0
DA:50,0
DA:52,0
DA:53,0
DA:59,0
DA:60,0
DA:66,0
DA:68,0
DA:70,0
DA:71,0
DA:73,0
DA:83,0
DA:86,0
DA:91,0
DA:92,0
DA:93,0
DA:94,0
DA:99,0
DA:100,0
DA:105,0
DA:106,0
DA:107,0
DA:108,0
DA:110,0
DA:111,0
DA:118,0
DA:123,0
DA:128,0
DA:129,0
DA:134,0
DA:139,0
DA:144,0
DA:145,0
DA:150,0
DA:155,0
DA:156,0
DA:161,0
LF:49
LH:0
BRDA:26,0,0,0
BRDA:26,0,1,0
BRDA:28,1,0,0
BRDA:28,1,1,0
BRDA:41,2,0,0
BRDA:41,2,1,0
BRDA:64,3,0,0
BRDA:70,4,0,0
BRDA:70,4,1,0
BRDA:92,5,0,0
BRDA:92,5,1,0
BRDA:93,6,0,0
BRDA:93,6,1,0
BRDA:106,7,0,0
BRDA:106,7,1,0
BRDA:107,8,0,0
BRDA:107,8,1,0
BRDA:129,9,0,0
BRDA:129,9,1,0
BRF:19
BRH:0
end_of_record
TN:
SF:app\types\product.ts
FNF:0
FNH:0
LF:0
LH:0
BRF:0
BRH:0
end_of_record
